{"/Users/sabinlungu/Desktop/EtherTix/backend/services/authentication/dist/authentication/src/app.js": {"path":"/Users/sabinlungu/Desktop/EtherTix/backend/services/authentication/dist/authentication/src/app.js","statementMap":{"0":{"start":{"line":2,"column":22},"end":{"line":4,"column":1}},"1":{"start":{"line":3,"column":4},"end":{"line":3,"column":62}},"2":{"start":{"line":5,"column":0},"end":{"line":5,"column":62}},"3":{"start":{"line":6,"column":0},"end":{"line":6,"column":21}},"4":{"start":{"line":7,"column":17},"end":{"line":7,"column":51}},"5":{"start":{"line":8,"column":0},"end":{"line":8,"column":26}},"6":{"start":{"line":9,"column":25},"end":{"line":9,"column":67}},"7":{"start":{"line":10,"column":18},"end":{"line":10,"column":53}},"8":{"start":{"line":11,"column":17},"end":{"line":11,"column":51}},"9":{"start":{"line":12,"column":14},"end":{"line":12,"column":45}},"10":{"start":{"line":13,"column":17},"end":{"line":13,"column":51}},"11":{"start":{"line":14,"column":33},"end":{"line":14,"column":83}},"12":{"start":{"line":15,"column":15},"end":{"line":15,"column":47}},"13":{"start":{"line":16,"column":18},"end":{"line":16,"column":64}},"14":{"start":{"line":17,"column":22},"end":{"line":17,"column":70}},"15":{"start":{"line":18,"column":24},"end":{"line":18,"column":61}},"16":{"start":{"line":19,"column":12},"end":{"line":19,"column":36}},"17":{"start":{"line":20,"column":0},"end":{"line":20,"column":18}},"18":{"start":{"line":21,"column":0},"end":{"line":21,"column":25}},"19":{"start":{"line":22,"column":0},"end":{"line":24,"column":1}},"20":{"start":{"line":23,"column":4},"end":{"line":23,"column":42}},"21":{"start":{"line":25,"column":0},"end":{"line":27,"column":1}},"22":{"start":{"line":26,"column":4},"end":{"line":26,"column":53}},"23":{"start":{"line":28,"column":0},"end":{"line":28,"column":34}},"24":{"start":{"line":29,"column":0},"end":{"line":29,"column":29}},"25":{"start":{"line":30,"column":0},"end":{"line":30,"column":30}},"26":{"start":{"line":31,"column":0},"end":{"line":31,"column":31}},"27":{"start":{"line":32,"column":0},"end":{"line":32,"column":33}},"28":{"start":{"line":33,"column":0},"end":{"line":35,"column":4}},"29":{"start":{"line":37,"column":0},"end":{"line":37,"column":47}},"30":{"start":{"line":38,"column":0},"end":{"line":38,"column":38}},"31":{"start":{"line":39,"column":0},"end":{"line":41,"column":3}},"32":{"start":{"line":40,"column":4},"end":{"line":40,"column":52}}},"fnMap":{"0":{"name":"(anonymous_0)","decl":{"start":{"line":2,"column":56},"end":{"line":2,"column":57}},"loc":{"start":{"line":2,"column":71},"end":{"line":4,"column":1}},"line":2},"1":{"name":"(anonymous_1)","decl":{"start":{"line":39,"column":13},"end":{"line":39,"column":14}},"loc":{"start":{"line":39,"column":36},"end":{"line":41,"column":1}},"line":39}},"branchMap":{"0":{"loc":{"start":{"line":2,"column":22},"end":{"line":4,"column":1}},"type":"binary-expr","locations":[{"start":{"line":2,"column":23},"end":{"line":2,"column":27}},{"start":{"line":2,"column":31},"end":{"line":2,"column":51}},{"start":{"line":2,"column":56},"end":{"line":4,"column":1}}],"line":2},"1":{"loc":{"start":{"line":3,"column":11},"end":{"line":3,"column":61}},"type":"cond-expr","locations":[{"start":{"line":3,"column":37},"end":{"line":3,"column":40}},{"start":{"line":3,"column":43},"end":{"line":3,"column":61}}],"line":3},"2":{"loc":{"start":{"line":3,"column":12},"end":{"line":3,"column":33}},"type":"binary-expr","locations":[{"start":{"line":3,"column":12},"end":{"line":3,"column":15}},{"start":{"line":3,"column":19},"end":{"line":3,"column":33}}],"line":3},"3":{"loc":{"start":{"line":22,"column":0},"end":{"line":24,"column":1}},"type":"if","locations":[{"start":{"line":22,"column":0},"end":{"line":24,"column":1}},{"start":{},"end":{}}],"line":22},"4":{"loc":{"start":{"line":25,"column":0},"end":{"line":27,"column":1}},"type":"if","locations":[{"start":{"line":25,"column":0},"end":{"line":27,"column":1}},{"start":{},"end":{}}],"line":25}},"s":{"0":1,"1":10,"2":1,"3":1,"4":1,"5":1,"6":1,"7":1,"8":1,"9":1,"10":1,"11":1,"12":1,"13":1,"14":1,"15":1,"16":1,"17":1,"18":1,"19":1,"20":0,"21":1,"22":0,"23":1,"24":1,"25":1,"26":1,"27":1,"28":1,"29":1,"30":1,"31":1,"32":0},"f":{"0":10,"1":0},"b":{"0":[1,1,1],"1":[2,8],"2":[10,10],"3":[0,1],"4":[0,1]},"inputSourceMap":null,"_coverageSchema":"1a1c01bbd47fc00a2c39e90264f33305004495a9","hash":"f20845be1a2fd1ec0bcd061dab73a747fa7ab6a7"}
,"/Users/sabinlungu/Desktop/EtherTix/backend/services/authentication/dist/authentication/src/index.js": {"path":"/Users/sabinlungu/Desktop/EtherTix/backend/services/authentication/dist/authentication/src/index.js","statementMap":{"0":{"start":{"line":2,"column":16},"end":{"line":10,"column":1}},"1":{"start":{"line":3,"column":28},"end":{"line":3,"column":110}},"2":{"start":{"line":3,"column":91},"end":{"line":3,"column":106}},"3":{"start":{"line":4,"column":4},"end":{"line":9,"column":7}},"4":{"start":{"line":5,"column":36},"end":{"line":5,"column":97}},"5":{"start":{"line":5,"column":42},"end":{"line":5,"column":70}},"6":{"start":{"line":5,"column":85},"end":{"line":5,"column":95}},"7":{"start":{"line":6,"column":35},"end":{"line":6,"column":100}},"8":{"start":{"line":6,"column":41},"end":{"line":6,"column":73}},"9":{"start":{"line":6,"column":88},"end":{"line":6,"column":98}},"10":{"start":{"line":7,"column":32},"end":{"line":7,"column":116}},"11":{"start":{"line":8,"column":8},"end":{"line":8,"column":78}},"12":{"start":{"line":11,"column":0},"end":{"line":11,"column":62}},"13":{"start":{"line":12,"column":0},"end":{"line":12,"column":33}},"14":{"start":{"line":13,"column":14},"end":{"line":13,"column":30}},"15":{"start":{"line":14,"column":13},"end":{"line":14,"column":37}},"16":{"start":{"line":16,"column":24},"end":{"line":20,"column":2}},"17":{"start":{"line":16,"column":30},"end":{"line":20,"column":2}},"18":{"start":{"line":17,"column":4},"end":{"line":19,"column":7}},"19":{"start":{"line":18,"column":8},"end":{"line":18,"column":64}},"20":{"start":{"line":21,"column":0},"end":{"line":21,"column":42}},"21":{"start":{"line":22,"column":0},"end":{"line":22,"column":31}}},"fnMap":{"0":{"name":"(anonymous_0)","decl":{"start":{"line":2,"column":44},"end":{"line":2,"column":45}},"loc":{"start":{"line":2,"column":89},"end":{"line":10,"column":1}},"line":2},"1":{"name":"adopt","decl":{"start":{"line":3,"column":13},"end":{"line":3,"column":18}},"loc":{"start":{"line":3,"column":26},"end":{"line":3,"column":112}},"line":3},"2":{"name":"(anonymous_2)","decl":{"start":{"line":3,"column":70},"end":{"line":3,"column":71}},"loc":{"start":{"line":3,"column":89},"end":{"line":3,"column":108}},"line":3},"3":{"name":"(anonymous_3)","decl":{"start":{"line":4,"column":36},"end":{"line":4,"column":37}},"loc":{"start":{"line":4,"column":63},"end":{"line":9,"column":5}},"line":4},"4":{"name":"fulfilled","decl":{"start":{"line":5,"column":17},"end":{"line":5,"column":26}},"loc":{"start":{"line":5,"column":34},"end":{"line":5,"column":99}},"line":5},"5":{"name":"rejected","decl":{"start":{"line":6,"column":17},"end":{"line":6,"column":25}},"loc":{"start":{"line":6,"column":33},"end":{"line":6,"column":102}},"line":6},"6":{"name":"step","decl":{"start":{"line":7,"column":17},"end":{"line":7,"column":21}},"loc":{"start":{"line":7,"column":30},"end":{"line":7,"column":118}},"line":7},"7":{"name":"(anonymous_7)","decl":{"start":{"line":16,"column":24},"end":{"line":16,"column":25}},"loc":{"start":{"line":16,"column":30},"end":{"line":20,"column":2}},"line":16},"8":{"name":"(anonymous_8)","decl":{"start":{"line":16,"column":64},"end":{"line":16,"column":65}},"loc":{"start":{"line":16,"column":77},"end":{"line":20,"column":1}},"line":16},"9":{"name":"(anonymous_9)","decl":{"start":{"line":17,"column":34},"end":{"line":17,"column":35}},"loc":{"start":{"line":17,"column":40},"end":{"line":19,"column":5}},"line":17}},"branchMap":{"0":{"loc":{"start":{"line":2,"column":16},"end":{"line":10,"column":1}},"type":"binary-expr","locations":[{"start":{"line":2,"column":17},"end":{"line":2,"column":21}},{"start":{"line":2,"column":25},"end":{"line":2,"column":39}},{"start":{"line":2,"column":44},"end":{"line":10,"column":1}}],"line":2},"1":{"loc":{"start":{"line":3,"column":35},"end":{"line":3,"column":109}},"type":"cond-expr","locations":[{"start":{"line":3,"column":56},"end":{"line":3,"column":61}},{"start":{"line":3,"column":64},"end":{"line":3,"column":109}}],"line":3},"2":{"loc":{"start":{"line":4,"column":16},"end":{"line":4,"column":34}},"type":"binary-expr","locations":[{"start":{"line":4,"column":16},"end":{"line":4,"column":17}},{"start":{"line":4,"column":22},"end":{"line":4,"column":33}}],"line":4},"3":{"loc":{"start":{"line":7,"column":32},"end":{"line":7,"column":115}},"type":"cond-expr","locations":[{"start":{"line":7,"column":46},"end":{"line":7,"column":67}},{"start":{"line":7,"column":70},"end":{"line":7,"column":115}}],"line":7},"4":{"loc":{"start":{"line":8,"column":51},"end":{"line":8,"column":67}},"type":"binary-expr","locations":[{"start":{"line":8,"column":51},"end":{"line":8,"column":61}},{"start":{"line":8,"column":65},"end":{"line":8,"column":67}}],"line":8},"5":{"loc":{"start":{"line":14,"column":13},"end":{"line":14,"column":37}},"type":"binary-expr","locations":[{"start":{"line":14,"column":13},"end":{"line":14,"column":29}},{"start":{"line":14,"column":33},"end":{"line":14,"column":37}}],"line":14}},"s":{"0":1,"1":0,"2":0,"3":2,"4":0,"5":0,"6":0,"7":0,"8":0,"9":0,"10":2,"11":2,"12":1,"13":1,"14":1,"15":1,"16":1,"17":2,"18":2,"19":0,"20":1,"21":1},"f":{"0":2,"1":0,"2":0,"3":2,"4":0,"5":0,"6":2,"7":2,"8":2,"9":0},"b":{"0":[1,1,1],"1":[0,0],"2":[2,2],"3":[2,0],"4":[2,2],"5":[1,0]},"inputSourceMap":null,"_coverageSchema":"1a1c01bbd47fc00a2c39e90264f33305004495a9","hash":"d5d8c705977e857a1e536f6e650eda1927a61c0f"}
,"/Users/sabinlungu/Desktop/EtherTix/backend/services/authentication/dist/authentication/src/controllers/auth-controller.js": {"path":"/Users/sabinlungu/Desktop/EtherTix/backend/services/authentication/dist/authentication/src/controllers/auth-controller.js","statementMap":{"0":{"start":{"line":2,"column":16},"end":{"line":10,"column":1}},"1":{"start":{"line":3,"column":28},"end":{"line":3,"column":110}},"2":{"start":{"line":3,"column":91},"end":{"line":3,"column":106}},"3":{"start":{"line":4,"column":4},"end":{"line":9,"column":7}},"4":{"start":{"line":5,"column":36},"end":{"line":5,"column":97}},"5":{"start":{"line":5,"column":42},"end":{"line":5,"column":70}},"6":{"start":{"line":5,"column":85},"end":{"line":5,"column":95}},"7":{"start":{"line":6,"column":35},"end":{"line":6,"column":100}},"8":{"start":{"line":6,"column":41},"end":{"line":6,"column":73}},"9":{"start":{"line":6,"column":88},"end":{"line":6,"column":98}},"10":{"start":{"line":7,"column":32},"end":{"line":7,"column":116}},"11":{"start":{"line":8,"column":8},"end":{"line":8,"column":78}},"12":{"start":{"line":11,"column":0},"end":{"line":11,"column":62}},"13":{"start":{"line":12,"column":0},"end":{"line":12,"column":437}},"14":{"start":{"line":13,"column":24},"end":{"line":13,"column":64}},"15":{"start":{"line":14,"column":21},"end":{"line":14,"column":53}},"16":{"start":{"line":15,"column":21},"end":{"line":15,"column":52}},"17":{"start":{"line":16,"column":35},"end":{"line":16,"column":80}},"18":{"start":{"line":17,"column":31},"end":{"line":17,"column":72}},"19":{"start":{"line":18,"column":28},"end":{"line":18,"column":56}},"20":{"start":{"line":19,"column":23},"end":{"line":19,"column":55}},"21":{"start":{"line":20,"column":24},"end":{"line":20,"column":62}},"22":{"start":{"line":21,"column":23},"end":{"line":21,"column":55}},"23":{"start":{"line":22,"column":19},"end":{"line":22,"column":38}},"24":{"start":{"line":23,"column":27},"end":{"line":23,"column":64}},"25":{"start":{"line":24,"column":37},"end":{"line":24,"column":83}},"26":{"start":{"line":25,"column":30},"end":{"line":36,"column":1}},"27":{"start":{"line":26,"column":4},"end":{"line":35,"column":7}},"28":{"start":{"line":37,"column":21},"end":{"line":72,"column":2}},"29":{"start":{"line":37,"column":50},"end":{"line":72,"column":2}},"30":{"start":{"line":38,"column":4},"end":{"line":71,"column":5}},"31":{"start":{"line":39,"column":53},"end":{"line":39,"column":65}},"32":{"start":{"line":40,"column":8},"end":{"line":42,"column":9}},"33":{"start":{"line":41,"column":12},"end":{"line":41,"column":155}},"34":{"start":{"line":43,"column":8},"end":{"line":45,"column":9}},"35":{"start":{"line":44,"column":12},"end":{"line":44,"column":161}},"36":{"start":{"line":46,"column":29},"end":{"line":46,"column":71}},"37":{"start":{"line":47,"column":8},"end":{"line":49,"column":9}},"38":{"start":{"line":48,"column":12},"end":{"line":48,"column":129}},"39":{"start":{"line":50,"column":24},"end":{"line":50,"column":68}},"40":{"start":{"line":51,"column":22},"end":{"line":51,"column":54}},"41":{"start":{"line":52,"column":8},"end":{"line":54,"column":9}},"42":{"start":{"line":53,"column":12},"end":{"line":53,"column":152}},"43":{"start":{"line":55,"column":8},"end":{"line":55,"column":29}},"44":{"start":{"line":56,"column":28},"end":{"line":56,"column":39}},"45":{"start":{"line":57,"column":24},"end":{"line":57,"column":74}},"46":{"start":{"line":58,"column":34},"end":{"line":58,"column":122}},"47":{"start":{"line":59,"column":8},"end":{"line":59,"column":39}},"48":{"start":{"line":61,"column":28},"end":{"line":61,"column":64}},"49":{"start":{"line":62,"column":8},"end":{"line":62,"column":61}},"50":{"start":{"line":63,"column":36},"end":{"line":63,"column":124}},"51":{"start":{"line":64,"column":8},"end":{"line":64,"column":41}},"52":{"start":{"line":65,"column":8},"end":{"line":65,"column":102}},"53":{"start":{"line":68,"column":8},"end":{"line":70,"column":9}},"54":{"start":{"line":69,"column":12},"end":{"line":69,"column":139}},"55":{"start":{"line":73,"column":0},"end":{"line":73,"column":36}},"56":{"start":{"line":74,"column":26},"end":{"line":78,"column":1}},"57":{"start":{"line":75,"column":21},"end":{"line":75,"column":50}},"58":{"start":{"line":76,"column":4},"end":{"line":76,"column":42}},"59":{"start":{"line":77,"column":4},"end":{"line":77,"column":130}},"60":{"start":{"line":79,"column":27},"end":{"line":131,"column":2}},"61":{"start":{"line":79,"column":56},"end":{"line":131,"column":2}},"62":{"start":{"line":80,"column":4},"end":{"line":130,"column":5}},"63":{"start":{"line":81,"column":32},"end":{"line":81,"column":44}},"64":{"start":{"line":82,"column":21},"end":{"line":82,"column":61}},"65":{"start":{"line":84,"column":8},"end":{"line":86,"column":9}},"66":{"start":{"line":85,"column":12},"end":{"line":85,"column":155}},"67":{"start":{"line":88,"column":8},"end":{"line":90,"column":9}},"68":{"start":{"line":89,"column":12},"end":{"line":89,"column":152}},"69":{"start":{"line":91,"column":8},"end":{"line":93,"column":9}},"70":{"start":{"line":92,"column":12},"end":{"line":92,"column":136}},"71":{"start":{"line":94,"column":8},"end":{"line":96,"column":9}},"72":{"start":{"line":95,"column":12},"end":{"line":95,"column":142}},"73":{"start":{"line":97,"column":8},"end":{"line":99,"column":9}},"74":{"start":{"line":98,"column":12},"end":{"line":98,"column":145}},"75":{"start":{"line":100,"column":22},"end":{"line":100,"column":99}},"76":{"start":{"line":101,"column":8},"end":{"line":103,"column":9}},"77":{"start":{"line":102,"column":12},"end":{"line":102,"column":163}},"78":{"start":{"line":104,"column":31},"end":{"line":104,"column":73}},"79":{"start":{"line":105,"column":8},"end":{"line":107,"column":9}},"80":{"start":{"line":106,"column":12},"end":{"line":106,"column":171}},"81":{"start":{"line":108,"column":8},"end":{"line":108,"column":31}},"82":{"start":{"line":109,"column":8},"end":{"line":109,"column":26}},"83":{"start":{"line":110,"column":8},"end":{"line":110,"column":88}},"84":{"start":{"line":111,"column":28},"end":{"line":111,"column":64}},"85":{"start":{"line":113,"column":8},"end":{"line":121,"column":11}},"86":{"start":{"line":122,"column":25},"end":{"line":122,"column":54}},"87":{"start":{"line":123,"column":8},"end":{"line":123,"column":59}},"88":{"start":{"line":124,"column":8},"end":{"line":124,"column":235}},"89":{"start":{"line":127,"column":8},"end":{"line":129,"column":9}},"90":{"start":{"line":128,"column":12},"end":{"line":128,"column":113}},"91":{"start":{"line":132,"column":0},"end":{"line":132,"column":48}},"92":{"start":{"line":133,"column":36},"end":{"line":146,"column":2}},"93":{"start":{"line":133,"column":65},"end":{"line":146,"column":2}},"94":{"start":{"line":134,"column":4},"end":{"line":145,"column":5}},"95":{"start":{"line":135,"column":33},"end":{"line":135,"column":45}},"96":{"start":{"line":136,"column":8},"end":{"line":138,"column":9}},"97":{"start":{"line":137,"column":12},"end":{"line":137,"column":139}},"98":{"start":{"line":139,"column":8},"end":{"line":139,"column":140}},"99":{"start":{"line":142,"column":8},"end":{"line":144,"column":9}},"100":{"start":{"line":143,"column":12},"end":{"line":143,"column":113}},"101":{"start":{"line":147,"column":0},"end":{"line":147,"column":66}},"102":{"start":{"line":148,"column":18},"end":{"line":189,"column":2}},"103":{"start":{"line":148,"column":47},"end":{"line":189,"column":2}},"104":{"start":{"line":149,"column":32},"end":{"line":149,"column":44}},"105":{"start":{"line":150,"column":4},"end":{"line":152,"column":5}},"106":{"start":{"line":151,"column":8},"end":{"line":151,"column":155}},"107":{"start":{"line":153,"column":17},"end":{"line":153,"column":59}},"108":{"start":{"line":154,"column":4},"end":{"line":156,"column":5}},"109":{"start":{"line":155,"column":8},"end":{"line":155,"column":130}},"110":{"start":{"line":157,"column":4},"end":{"line":159,"column":5}},"111":{"start":{"line":158,"column":8},"end":{"line":158,"column":152}},"112":{"start":{"line":160,"column":4},"end":{"line":162,"column":5}},"113":{"start":{"line":161,"column":8},"end":{"line":161,"column":142}},"114":{"start":{"line":164,"column":27},"end":{"line":164,"column":64}},"115":{"start":{"line":165,"column":4},"end":{"line":167,"column":5}},"116":{"start":{"line":166,"column":8},"end":{"line":166,"column":146}},"117":{"start":{"line":169,"column":18},"end":{"line":169,"column":47}},"118":{"start":{"line":170,"column":20},"end":{"line":170,"column":58}},"119":{"start":{"line":172,"column":4},"end":{"line":174,"column":5}},"120":{"start":{"line":173,"column":8},"end":{"line":173,"column":135}},"121":{"start":{"line":176,"column":24},"end":{"line":176,"column":60}},"122":{"start":{"line":177,"column":4},"end":{"line":186,"column":7}},"123":{"start":{"line":187,"column":4},"end":{"line":187,"column":37}},"124":{"start":{"line":188,"column":4},"end":{"line":188,"column":110}},"125":{"start":{"line":190,"column":0},"end":{"line":190,"column":30}},"126":{"start":{"line":191,"column":25},"end":{"line":219,"column":2}},"127":{"start":{"line":191,"column":54},"end":{"line":219,"column":2}},"128":{"start":{"line":192,"column":41},"end":{"line":192,"column":53}},"129":{"start":{"line":193,"column":17},"end":{"line":193,"column":57}},"130":{"start":{"line":194,"column":4},"end":{"line":196,"column":5}},"131":{"start":{"line":195,"column":8},"end":{"line":195,"column":150}},"132":{"start":{"line":197,"column":4},"end":{"line":200,"column":5}},"133":{"start":{"line":198,"column":8},"end":{"line":198,"column":39}},"134":{"start":{"line":199,"column":8},"end":{"line":199,"column":135}},"135":{"start":{"line":201,"column":24},"end":{"line":201,"column":97}},"136":{"start":{"line":202,"column":4},"end":{"line":204,"column":5}},"137":{"start":{"line":203,"column":8},"end":{"line":203,"column":155}},"138":{"start":{"line":206,"column":27},"end":{"line":206,"column":73}},"139":{"start":{"line":207,"column":4},"end":{"line":211,"column":5}},"140":{"start":{"line":208,"column":8},"end":{"line":208,"column":41}},"141":{"start":{"line":209,"column":8},"end":{"line":209,"column":45}},"142":{"start":{"line":210,"column":8},"end":{"line":210,"column":153}},"143":{"start":{"line":212,"column":4},"end":{"line":212,"column":27}},"144":{"start":{"line":213,"column":4},"end":{"line":213,"column":25}},"145":{"start":{"line":214,"column":4},"end":{"line":214,"column":37}},"146":{"start":{"line":215,"column":4},"end":{"line":215,"column":22}},"147":{"start":{"line":216,"column":21},"end":{"line":216,"column":50}},"148":{"start":{"line":217,"column":4},"end":{"line":217,"column":50}},"149":{"start":{"line":218,"column":4},"end":{"line":218,"column":225}},"150":{"start":{"line":220,"column":0},"end":{"line":220,"column":44}},"151":{"start":{"line":221,"column":33},"end":{"line":237,"column":2}},"152":{"start":{"line":221,"column":62},"end":{"line":237,"column":2}},"153":{"start":{"line":222,"column":4},"end":{"line":236,"column":5}},"154":{"start":{"line":223,"column":36},"end":{"line":223,"column":48}},"155":{"start":{"line":224,"column":8},"end":{"line":226,"column":9}},"156":{"start":{"line":225,"column":12},"end":{"line":225,"column":144}},"157":{"start":{"line":227,"column":8},"end":{"line":229,"column":9}},"158":{"start":{"line":228,"column":12},"end":{"line":228,"column":137}},"159":{"start":{"line":230,"column":8},"end":{"line":230,"column":131}},"160":{"start":{"line":233,"column":8},"end":{"line":235,"column":9}},"161":{"start":{"line":234,"column":12},"end":{"line":234,"column":139}},"162":{"start":{"line":238,"column":0},"end":{"line":238,"column":60}},"163":{"start":{"line":239,"column":19},"end":{"line":251,"column":2}},"164":{"start":{"line":239,"column":48},"end":{"line":251,"column":2}},"165":{"start":{"line":240,"column":4},"end":{"line":250,"column":5}},"166":{"start":{"line":241,"column":8},"end":{"line":243,"column":9}},"167":{"start":{"line":242,"column":12},"end":{"line":242,"column":35}},"168":{"start":{"line":244,"column":8},"end":{"line":244,"column":101}},"169":{"start":{"line":247,"column":8},"end":{"line":249,"column":9}},"170":{"start":{"line":248,"column":12},"end":{"line":248,"column":113}},"171":{"start":{"line":252,"column":0},"end":{"line":252,"column":32}},"172":{"start":{"line":253,"column":23},"end":{"line":273,"column":2}},"173":{"start":{"line":253,"column":52},"end":{"line":273,"column":2}},"174":{"start":{"line":254,"column":22},"end":{"line":254,"column":34}},"175":{"start":{"line":255,"column":17},"end":{"line":255,"column":59}},"176":{"start":{"line":256,"column":4},"end":{"line":258,"column":5}},"177":{"start":{"line":257,"column":8},"end":{"line":257,"column":140}},"178":{"start":{"line":259,"column":30},"end":{"line":259,"column":101}},"179":{"start":{"line":261,"column":4},"end":{"line":263,"column":5}},"180":{"start":{"line":262,"column":8},"end":{"line":262,"column":165}},"181":{"start":{"line":264,"column":18},"end":{"line":264,"column":86}},"182":{"start":{"line":265,"column":4},"end":{"line":267,"column":5}},"183":{"start":{"line":266,"column":8},"end":{"line":266,"column":137}},"184":{"start":{"line":268,"column":31},"end":{"line":268,"column":120}},"185":{"start":{"line":269,"column":4},"end":{"line":269,"column":36}},"186":{"start":{"line":270,"column":29},"end":{"line":270,"column":106}},"187":{"start":{"line":271,"column":4},"end":{"line":271,"column":51}},"188":{"start":{"line":272,"column":4},"end":{"line":272,"column":126}},"189":{"start":{"line":274,"column":0},"end":{"line":274,"column":40}},"190":{"start":{"line":275,"column":31},"end":{"line":286,"column":1}},"191":{"start":{"line":276,"column":24},"end":{"line":276,"column":60}},"192":{"start":{"line":277,"column":4},"end":{"line":285,"column":7}},"193":{"start":{"line":287,"column":22},"end":{"line":289,"column":2}},"194":{"start":{"line":287,"column":51},"end":{"line":289,"column":2}},"195":{"start":{"line":288,"column":4},"end":{"line":288,"column":118}},"196":{"start":{"line":290,"column":0},"end":{"line":290,"column":38}},"197":{"start":{"line":291,"column":23},"end":{"line":294,"column":2}},"198":{"start":{"line":291,"column":52},"end":{"line":294,"column":2}},"199":{"start":{"line":292,"column":17},"end":{"line":292,"column":29}},"200":{"start":{"line":293,"column":4},"end":{"line":293,"column":99}},"201":{"start":{"line":295,"column":0},"end":{"line":295,"column":40}},"202":{"start":{"line":296,"column":37},"end":{"line":298,"column":2}},"203":{"start":{"line":296,"column":66},"end":{"line":298,"column":2}},"204":{"start":{"line":297,"column":4},"end":{"line":297,"column":87}},"205":{"start":{"line":299,"column":0},"end":{"line":299,"column":68}},"206":{"start":{"line":300,"column":27},"end":{"line":318,"column":2}},"207":{"start":{"line":300,"column":56},"end":{"line":318,"column":2}},"208":{"start":{"line":301,"column":28},"end":{"line":301,"column":56}},"209":{"start":{"line":302,"column":24},"end":{"line":302,"column":48}},"210":{"start":{"line":303,"column":4},"end":{"line":305,"column":5}},"211":{"start":{"line":304,"column":8},"end":{"line":304,"column":138}},"212":{"start":{"line":306,"column":17},"end":{"line":306,"column":67}},"213":{"start":{"line":307,"column":4},"end":{"line":307,"column":34}},"214":{"start":{"line":308,"column":4},"end":{"line":310,"column":5}},"215":{"start":{"line":309,"column":8},"end":{"line":309,"column":119}},"216":{"start":{"line":311,"column":33},"end":{"line":311,"column":71}},"217":{"start":{"line":312,"column":4},"end":{"line":314,"column":5}},"218":{"start":{"line":313,"column":8},"end":{"line":313,"column":134}},"219":{"start":{"line":315,"column":4},"end":{"line":315,"column":45}},"220":{"start":{"line":316,"column":4},"end":{"line":316,"column":22}},"221":{"start":{"line":317,"column":4},"end":{"line":317,"column":121}},"222":{"start":{"line":319,"column":0},"end":{"line":319,"column":48}},"223":{"start":{"line":320,"column":26},"end":{"line":326,"column":2}},"224":{"start":{"line":320,"column":55},"end":{"line":326,"column":2}},"225":{"start":{"line":321,"column":27},"end":{"line":321,"column":89}},"226":{"start":{"line":323,"column":31},"end":{"line":323,"column":143}},"227":{"start":{"line":324,"column":4},"end":{"line":324,"column":36}},"228":{"start":{"line":325,"column":4},"end":{"line":325,"column":125}},"229":{"start":{"line":327,"column":0},"end":{"line":327,"column":46}},"230":{"start":{"line":328,"column":30},"end":{"line":346,"column":2}},"231":{"start":{"line":328,"column":59},"end":{"line":346,"column":2}},"232":{"start":{"line":329,"column":23},"end":{"line":329,"column":35}},"233":{"start":{"line":330,"column":17},"end":{"line":330,"column":57}},"234":{"start":{"line":332,"column":4},"end":{"line":334,"column":5}},"235":{"start":{"line":333,"column":8},"end":{"line":333,"column":90}},"236":{"start":{"line":335,"column":4},"end":{"line":345,"column":5}},"237":{"start":{"line":336,"column":8},"end":{"line":338,"column":9}},"238":{"start":{"line":337,"column":12},"end":{"line":337,"column":102}},"239":{"start":{"line":339,"column":8},"end":{"line":343,"column":9}},"240":{"start":{"line":340,"column":12},"end":{"line":340,"column":45}},"241":{"start":{"line":341,"column":12},"end":{"line":341,"column":43}},"242":{"start":{"line":342,"column":12},"end":{"line":342,"column":30}},"243":{"start":{"line":344,"column":8},"end":{"line":344,"column":128}},"244":{"start":{"line":347,"column":0},"end":{"line":347,"column":54}},"245":{"start":{"line":348,"column":33},"end":{"line":350,"column":2}},"246":{"start":{"line":348,"column":62},"end":{"line":350,"column":2}},"247":{"start":{"line":349,"column":4},"end":{"line":349,"column":135}},"248":{"start":{"line":351,"column":0},"end":{"line":351,"column":60}}},"fnMap":{"0":{"name":"(anonymous_0)","decl":{"start":{"line":2,"column":44},"end":{"line":2,"column":45}},"loc":{"start":{"line":2,"column":89},"end":{"line":10,"column":1}},"line":2},"1":{"name":"adopt","decl":{"start":{"line":3,"column":13},"end":{"line":3,"column":18}},"loc":{"start":{"line":3,"column":26},"end":{"line":3,"column":112}},"line":3},"2":{"name":"(anonymous_2)","decl":{"start":{"line":3,"column":70},"end":{"line":3,"column":71}},"loc":{"start":{"line":3,"column":89},"end":{"line":3,"column":108}},"line":3},"3":{"name":"(anonymous_3)","decl":{"start":{"line":4,"column":36},"end":{"line":4,"column":37}},"loc":{"start":{"line":4,"column":63},"end":{"line":9,"column":5}},"line":4},"4":{"name":"fulfilled","decl":{"start":{"line":5,"column":17},"end":{"line":5,"column":26}},"loc":{"start":{"line":5,"column":34},"end":{"line":5,"column":99}},"line":5},"5":{"name":"rejected","decl":{"start":{"line":6,"column":17},"end":{"line":6,"column":25}},"loc":{"start":{"line":6,"column":33},"end":{"line":6,"column":102}},"line":6},"6":{"name":"step","decl":{"start":{"line":7,"column":17},"end":{"line":7,"column":21}},"loc":{"start":{"line":7,"column":30},"end":{"line":7,"column":118}},"line":7},"7":{"name":"(anonymous_7)","decl":{"start":{"line":25,"column":30},"end":{"line":25,"column":31}},"loc":{"start":{"line":25,"column":65},"end":{"line":36,"column":1}},"line":25},"8":{"name":"(anonymous_8)","decl":{"start":{"line":37,"column":21},"end":{"line":37,"column":22}},"loc":{"start":{"line":37,"column":50},"end":{"line":72,"column":2}},"line":37},"9":{"name":"(anonymous_9)","decl":{"start":{"line":37,"column":84},"end":{"line":37,"column":85}},"loc":{"start":{"line":37,"column":97},"end":{"line":72,"column":1}},"line":37},"10":{"name":"(anonymous_10)","decl":{"start":{"line":74,"column":26},"end":{"line":74,"column":27}},"loc":{"start":{"line":74,"column":67},"end":{"line":78,"column":1}},"line":74},"11":{"name":"(anonymous_11)","decl":{"start":{"line":79,"column":27},"end":{"line":79,"column":28}},"loc":{"start":{"line":79,"column":56},"end":{"line":131,"column":2}},"line":79},"12":{"name":"(anonymous_12)","decl":{"start":{"line":79,"column":90},"end":{"line":79,"column":91}},"loc":{"start":{"line":79,"column":103},"end":{"line":131,"column":1}},"line":79},"13":{"name":"(anonymous_13)","decl":{"start":{"line":133,"column":36},"end":{"line":133,"column":37}},"loc":{"start":{"line":133,"column":65},"end":{"line":146,"column":2}},"line":133},"14":{"name":"(anonymous_14)","decl":{"start":{"line":133,"column":99},"end":{"line":133,"column":100}},"loc":{"start":{"line":133,"column":112},"end":{"line":146,"column":1}},"line":133},"15":{"name":"(anonymous_15)","decl":{"start":{"line":148,"column":18},"end":{"line":148,"column":19}},"loc":{"start":{"line":148,"column":47},"end":{"line":189,"column":2}},"line":148},"16":{"name":"(anonymous_16)","decl":{"start":{"line":148,"column":81},"end":{"line":148,"column":82}},"loc":{"start":{"line":148,"column":94},"end":{"line":189,"column":1}},"line":148},"17":{"name":"(anonymous_17)","decl":{"start":{"line":191,"column":25},"end":{"line":191,"column":26}},"loc":{"start":{"line":191,"column":54},"end":{"line":219,"column":2}},"line":191},"18":{"name":"(anonymous_18)","decl":{"start":{"line":191,"column":88},"end":{"line":191,"column":89}},"loc":{"start":{"line":191,"column":101},"end":{"line":219,"column":1}},"line":191},"19":{"name":"(anonymous_19)","decl":{"start":{"line":221,"column":33},"end":{"line":221,"column":34}},"loc":{"start":{"line":221,"column":62},"end":{"line":237,"column":2}},"line":221},"20":{"name":"(anonymous_20)","decl":{"start":{"line":221,"column":96},"end":{"line":221,"column":97}},"loc":{"start":{"line":221,"column":109},"end":{"line":237,"column":1}},"line":221},"21":{"name":"(anonymous_21)","decl":{"start":{"line":239,"column":19},"end":{"line":239,"column":20}},"loc":{"start":{"line":239,"column":48},"end":{"line":251,"column":2}},"line":239},"22":{"name":"(anonymous_22)","decl":{"start":{"line":239,"column":82},"end":{"line":239,"column":83}},"loc":{"start":{"line":239,"column":95},"end":{"line":251,"column":1}},"line":239},"23":{"name":"(anonymous_23)","decl":{"start":{"line":253,"column":23},"end":{"line":253,"column":24}},"loc":{"start":{"line":253,"column":52},"end":{"line":273,"column":2}},"line":253},"24":{"name":"(anonymous_24)","decl":{"start":{"line":253,"column":86},"end":{"line":253,"column":87}},"loc":{"start":{"line":253,"column":99},"end":{"line":273,"column":1}},"line":253},"25":{"name":"(anonymous_25)","decl":{"start":{"line":275,"column":31},"end":{"line":275,"column":32}},"loc":{"start":{"line":275,"column":59},"end":{"line":286,"column":1}},"line":275},"26":{"name":"(anonymous_26)","decl":{"start":{"line":287,"column":22},"end":{"line":287,"column":23}},"loc":{"start":{"line":287,"column":51},"end":{"line":289,"column":2}},"line":287},"27":{"name":"(anonymous_27)","decl":{"start":{"line":287,"column":85},"end":{"line":287,"column":86}},"loc":{"start":{"line":287,"column":98},"end":{"line":289,"column":1}},"line":287},"28":{"name":"(anonymous_28)","decl":{"start":{"line":291,"column":23},"end":{"line":291,"column":24}},"loc":{"start":{"line":291,"column":52},"end":{"line":294,"column":2}},"line":291},"29":{"name":"(anonymous_29)","decl":{"start":{"line":291,"column":86},"end":{"line":291,"column":87}},"loc":{"start":{"line":291,"column":99},"end":{"line":294,"column":1}},"line":291},"30":{"name":"(anonymous_30)","decl":{"start":{"line":296,"column":37},"end":{"line":296,"column":38}},"loc":{"start":{"line":296,"column":66},"end":{"line":298,"column":2}},"line":296},"31":{"name":"(anonymous_31)","decl":{"start":{"line":296,"column":100},"end":{"line":296,"column":101}},"loc":{"start":{"line":296,"column":113},"end":{"line":298,"column":1}},"line":296},"32":{"name":"(anonymous_32)","decl":{"start":{"line":300,"column":27},"end":{"line":300,"column":28}},"loc":{"start":{"line":300,"column":56},"end":{"line":318,"column":2}},"line":300},"33":{"name":"(anonymous_33)","decl":{"start":{"line":300,"column":90},"end":{"line":300,"column":91}},"loc":{"start":{"line":300,"column":103},"end":{"line":318,"column":1}},"line":300},"34":{"name":"(anonymous_34)","decl":{"start":{"line":320,"column":26},"end":{"line":320,"column":27}},"loc":{"start":{"line":320,"column":55},"end":{"line":326,"column":2}},"line":320},"35":{"name":"(anonymous_35)","decl":{"start":{"line":320,"column":89},"end":{"line":320,"column":90}},"loc":{"start":{"line":320,"column":102},"end":{"line":326,"column":1}},"line":320},"36":{"name":"(anonymous_36)","decl":{"start":{"line":328,"column":30},"end":{"line":328,"column":31}},"loc":{"start":{"line":328,"column":59},"end":{"line":346,"column":2}},"line":328},"37":{"name":"(anonymous_37)","decl":{"start":{"line":328,"column":93},"end":{"line":328,"column":94}},"loc":{"start":{"line":328,"column":106},"end":{"line":346,"column":1}},"line":328},"38":{"name":"(anonymous_38)","decl":{"start":{"line":348,"column":33},"end":{"line":348,"column":34}},"loc":{"start":{"line":348,"column":62},"end":{"line":350,"column":2}},"line":348},"39":{"name":"(anonymous_39)","decl":{"start":{"line":348,"column":96},"end":{"line":348,"column":97}},"loc":{"start":{"line":348,"column":109},"end":{"line":350,"column":1}},"line":348}},"branchMap":{"0":{"loc":{"start":{"line":2,"column":16},"end":{"line":10,"column":1}},"type":"binary-expr","locations":[{"start":{"line":2,"column":17},"end":{"line":2,"column":21}},{"start":{"line":2,"column":25},"end":{"line":2,"column":39}},{"start":{"line":2,"column":44},"end":{"line":10,"column":1}}],"line":2},"1":{"loc":{"start":{"line":3,"column":35},"end":{"line":3,"column":109}},"type":"cond-expr","locations":[{"start":{"line":3,"column":56},"end":{"line":3,"column":61}},{"start":{"line":3,"column":64},"end":{"line":3,"column":109}}],"line":3},"2":{"loc":{"start":{"line":4,"column":16},"end":{"line":4,"column":34}},"type":"binary-expr","locations":[{"start":{"line":4,"column":16},"end":{"line":4,"column":17}},{"start":{"line":4,"column":22},"end":{"line":4,"column":33}}],"line":4},"3":{"loc":{"start":{"line":7,"column":32},"end":{"line":7,"column":115}},"type":"cond-expr","locations":[{"start":{"line":7,"column":46},"end":{"line":7,"column":67}},{"start":{"line":7,"column":70},"end":{"line":7,"column":115}}],"line":7},"4":{"loc":{"start":{"line":8,"column":51},"end":{"line":8,"column":67}},"type":"binary-expr","locations":[{"start":{"line":8,"column":51},"end":{"line":8,"column":61}},{"start":{"line":8,"column":65},"end":{"line":8,"column":67}}],"line":8},"5":{"loc":{"start":{"line":40,"column":8},"end":{"line":42,"column":9}},"type":"if","locations":[{"start":{"line":40,"column":8},"end":{"line":42,"column":9}},{"start":{},"end":{}}],"line":40},"6":{"loc":{"start":{"line":43,"column":8},"end":{"line":45,"column":9}},"type":"if","locations":[{"start":{"line":43,"column":8},"end":{"line":45,"column":9}},{"start":{},"end":{}}],"line":43},"7":{"loc":{"start":{"line":47,"column":8},"end":{"line":49,"column":9}},"type":"if","locations":[{"start":{"line":47,"column":8},"end":{"line":49,"column":9}},{"start":{},"end":{}}],"line":47},"8":{"loc":{"start":{"line":52,"column":8},"end":{"line":54,"column":9}},"type":"if","locations":[{"start":{"line":52,"column":8},"end":{"line":54,"column":9}},{"start":{},"end":{}}],"line":52},"9":{"loc":{"start":{"line":68,"column":8},"end":{"line":70,"column":9}},"type":"if","locations":[{"start":{"line":68,"column":8},"end":{"line":70,"column":9}},{"start":{},"end":{}}],"line":68},"10":{"loc":{"start":{"line":84,"column":8},"end":{"line":86,"column":9}},"type":"if","locations":[{"start":{"line":84,"column":8},"end":{"line":86,"column":9}},{"start":{},"end":{}}],"line":84},"11":{"loc":{"start":{"line":88,"column":8},"end":{"line":90,"column":9}},"type":"if","locations":[{"start":{"line":88,"column":8},"end":{"line":90,"column":9}},{"start":{},"end":{}}],"line":88},"12":{"loc":{"start":{"line":91,"column":8},"end":{"line":93,"column":9}},"type":"if","locations":[{"start":{"line":91,"column":8},"end":{"line":93,"column":9}},{"start":{},"end":{}}],"line":91},"13":{"loc":{"start":{"line":94,"column":8},"end":{"line":96,"column":9}},"type":"if","locations":[{"start":{"line":94,"column":8},"end":{"line":96,"column":9}},{"start":{},"end":{}}],"line":94},"14":{"loc":{"start":{"line":97,"column":8},"end":{"line":99,"column":9}},"type":"if","locations":[{"start":{"line":97,"column":8},"end":{"line":99,"column":9}},{"start":{},"end":{}}],"line":97},"15":{"loc":{"start":{"line":101,"column":8},"end":{"line":103,"column":9}},"type":"if","locations":[{"start":{"line":101,"column":8},"end":{"line":103,"column":9}},{"start":{},"end":{}}],"line":101},"16":{"loc":{"start":{"line":105,"column":8},"end":{"line":107,"column":9}},"type":"if","locations":[{"start":{"line":105,"column":8},"end":{"line":107,"column":9}},{"start":{},"end":{}}],"line":105},"17":{"loc":{"start":{"line":123,"column":26},"end":{"line":123,"column":58}},"type":"binary-expr","locations":[{"start":{"line":123,"column":26},"end":{"line":123,"column":45}},{"start":{"line":123,"column":49},"end":{"line":123,"column":58}}],"line":123},"18":{"loc":{"start":{"line":127,"column":8},"end":{"line":129,"column":9}},"type":"if","locations":[{"start":{"line":127,"column":8},"end":{"line":129,"column":9}},{"start":{},"end":{}}],"line":127},"19":{"loc":{"start":{"line":136,"column":8},"end":{"line":138,"column":9}},"type":"if","locations":[{"start":{"line":136,"column":8},"end":{"line":138,"column":9}},{"start":{},"end":{}}],"line":136},"20":{"loc":{"start":{"line":142,"column":8},"end":{"line":144,"column":9}},"type":"if","locations":[{"start":{"line":142,"column":8},"end":{"line":144,"column":9}},{"start":{},"end":{}}],"line":142},"21":{"loc":{"start":{"line":150,"column":4},"end":{"line":152,"column":5}},"type":"if","locations":[{"start":{"line":150,"column":4},"end":{"line":152,"column":5}},{"start":{},"end":{}}],"line":150},"22":{"loc":{"start":{"line":150,"column":8},"end":{"line":150,"column":27}},"type":"binary-expr","locations":[{"start":{"line":150,"column":8},"end":{"line":150,"column":14}},{"start":{"line":150,"column":18},"end":{"line":150,"column":27}}],"line":150},"23":{"loc":{"start":{"line":154,"column":4},"end":{"line":156,"column":5}},"type":"if","locations":[{"start":{"line":154,"column":4},"end":{"line":156,"column":5}},{"start":{},"end":{}}],"line":154},"24":{"loc":{"start":{"line":157,"column":4},"end":{"line":159,"column":5}},"type":"if","locations":[{"start":{"line":157,"column":4},"end":{"line":159,"column":5}},{"start":{},"end":{}}],"line":157},"25":{"loc":{"start":{"line":160,"column":4},"end":{"line":162,"column":5}},"type":"if","locations":[{"start":{"line":160,"column":4},"end":{"line":162,"column":5}},{"start":{},"end":{}}],"line":160},"26":{"loc":{"start":{"line":165,"column":4},"end":{"line":167,"column":5}},"type":"if","locations":[{"start":{"line":165,"column":4},"end":{"line":167,"column":5}},{"start":{},"end":{}}],"line":165},"27":{"loc":{"start":{"line":172,"column":4},"end":{"line":174,"column":5}},"type":"if","locations":[{"start":{"line":172,"column":4},"end":{"line":174,"column":5}},{"start":{},"end":{}}],"line":172},"28":{"loc":{"start":{"line":194,"column":4},"end":{"line":196,"column":5}},"type":"if","locations":[{"start":{"line":194,"column":4},"end":{"line":196,"column":5}},{"start":{},"end":{}}],"line":194},"29":{"loc":{"start":{"line":197,"column":4},"end":{"line":200,"column":5}},"type":"if","locations":[{"start":{"line":197,"column":4},"end":{"line":200,"column":5}},{"start":{},"end":{}}],"line":197},"30":{"loc":{"start":{"line":202,"column":4},"end":{"line":204,"column":5}},"type":"if","locations":[{"start":{"line":202,"column":4},"end":{"line":204,"column":5}},{"start":{},"end":{}}],"line":202},"31":{"loc":{"start":{"line":207,"column":4},"end":{"line":211,"column":5}},"type":"if","locations":[{"start":{"line":207,"column":4},"end":{"line":211,"column":5}},{"start":{},"end":{}}],"line":207},"32":{"loc":{"start":{"line":217,"column":24},"end":{"line":217,"column":49}},"type":"binary-expr","locations":[{"start":{"line":217,"column":24},"end":{"line":217,"column":36}},{"start":{"line":217,"column":40},"end":{"line":217,"column":49}}],"line":217},"33":{"loc":{"start":{"line":224,"column":8},"end":{"line":226,"column":9}},"type":"if","locations":[{"start":{"line":224,"column":8},"end":{"line":226,"column":9}},{"start":{},"end":{}}],"line":224},"34":{"loc":{"start":{"line":227,"column":8},"end":{"line":229,"column":9}},"type":"if","locations":[{"start":{"line":227,"column":8},"end":{"line":229,"column":9}},{"start":{},"end":{}}],"line":227},"35":{"loc":{"start":{"line":233,"column":8},"end":{"line":235,"column":9}},"type":"if","locations":[{"start":{"line":233,"column":8},"end":{"line":235,"column":9}},{"start":{},"end":{}}],"line":233},"36":{"loc":{"start":{"line":241,"column":8},"end":{"line":243,"column":9}},"type":"if","locations":[{"start":{"line":241,"column":8},"end":{"line":243,"column":9}},{"start":{},"end":{}}],"line":241},"37":{"loc":{"start":{"line":247,"column":8},"end":{"line":249,"column":9}},"type":"if","locations":[{"start":{"line":247,"column":8},"end":{"line":249,"column":9}},{"start":{},"end":{}}],"line":247},"38":{"loc":{"start":{"line":256,"column":4},"end":{"line":258,"column":5}},"type":"if","locations":[{"start":{"line":256,"column":4},"end":{"line":258,"column":5}},{"start":{},"end":{}}],"line":256},"39":{"loc":{"start":{"line":261,"column":4},"end":{"line":263,"column":5}},"type":"if","locations":[{"start":{"line":261,"column":4},"end":{"line":263,"column":5}},{"start":{},"end":{}}],"line":261},"40":{"loc":{"start":{"line":265,"column":4},"end":{"line":267,"column":5}},"type":"if","locations":[{"start":{"line":265,"column":4},"end":{"line":267,"column":5}},{"start":{},"end":{}}],"line":265},"41":{"loc":{"start":{"line":303,"column":4},"end":{"line":305,"column":5}},"type":"if","locations":[{"start":{"line":303,"column":4},"end":{"line":305,"column":5}},{"start":{},"end":{}}],"line":303},"42":{"loc":{"start":{"line":308,"column":4},"end":{"line":310,"column":5}},"type":"if","locations":[{"start":{"line":308,"column":4},"end":{"line":310,"column":5}},{"start":{},"end":{}}],"line":308},"43":{"loc":{"start":{"line":312,"column":4},"end":{"line":314,"column":5}},"type":"if","locations":[{"start":{"line":312,"column":4},"end":{"line":314,"column":5}},{"start":{},"end":{}}],"line":312},"44":{"loc":{"start":{"line":332,"column":4},"end":{"line":334,"column":5}},"type":"if","locations":[{"start":{"line":332,"column":4},"end":{"line":334,"column":5}},{"start":{},"end":{}}],"line":332},"45":{"loc":{"start":{"line":335,"column":4},"end":{"line":345,"column":5}},"type":"if","locations":[{"start":{"line":335,"column":4},"end":{"line":345,"column":5}},{"start":{},"end":{}}],"line":335},"46":{"loc":{"start":{"line":335,"column":8},"end":{"line":335,"column":39}},"type":"binary-expr","locations":[{"start":{"line":335,"column":8},"end":{"line":335,"column":21}},{"start":{"line":335,"column":25},"end":{"line":335,"column":39}}],"line":335},"47":{"loc":{"start":{"line":336,"column":8},"end":{"line":338,"column":9}},"type":"if","locations":[{"start":{"line":336,"column":8},"end":{"line":338,"column":9}},{"start":{},"end":{}}],"line":336},"48":{"loc":{"start":{"line":336,"column":12},"end":{"line":336,"column":43}},"type":"binary-expr","locations":[{"start":{"line":336,"column":12},"end":{"line":336,"column":25}},{"start":{"line":336,"column":29},"end":{"line":336,"column":43}}],"line":336},"49":{"loc":{"start":{"line":339,"column":8},"end":{"line":343,"column":9}},"type":"if","locations":[{"start":{"line":339,"column":8},"end":{"line":343,"column":9}},{"start":{},"end":{}}],"line":339},"50":{"loc":{"start":{"line":339,"column":12},"end":{"line":339,"column":41}},"type":"binary-expr","locations":[{"start":{"line":339,"column":12},"end":{"line":339,"column":25}},{"start":{"line":339,"column":29},"end":{"line":339,"column":41}}],"line":339}},"s":{"0":1,"1":0,"2":0,"3":0,"4":0,"5":0,"6":0,"7":0,"8":0,"9":0,"10":0,"11":0,"12":1,"13":1,"14":1,"15":1,"16":1,"17":1,"18":1,"19":1,"20":1,"21":1,"22":1,"23":1,"24":1,"25":1,"26":1,"27":0,"28":1,"29":0,"30":0,"31":0,"32":0,"33":0,"34":0,"35":0,"36":0,"37":0,"38":0,"39":0,"40":0,"41":0,"42":0,"43":0,"44":0,"45":0,"46":0,"47":0,"48":0,"49":0,"50":0,"51":0,"52":0,"53":0,"54":0,"55":1,"56":1,"57":0,"58":0,"59":0,"60":1,"61":0,"62":0,"63":0,"64":0,"65":0,"66":0,"67":0,"68":0,"69":0,"70":0,"71":0,"72":0,"73":0,"74":0,"75":0,"76":0,"77":0,"78":0,"79":0,"80":0,"81":0,"82":0,"83":0,"84":0,"85":0,"86":0,"87":0,"88":0,"89":0,"90":0,"91":1,"92":1,"93":0,"94":0,"95":0,"96":0,"97":0,"98":0,"99":0,"100":0,"101":1,"102":1,"103":0,"104":0,"105":0,"106":0,"107":0,"108":0,"109":0,"110":0,"111":0,"112":0,"113":0,"114":0,"115":0,"116":0,"117":0,"118":0,"119":0,"120":0,"121":0,"122":0,"123":0,"124":0,"125":1,"126":1,"127":0,"128":0,"129":0,"130":0,"131":0,"132":0,"133":0,"134":0,"135":0,"136":0,"137":0,"138":0,"139":0,"140":0,"141":0,"142":0,"143":0,"144":0,"145":0,"146":0,"147":0,"148":0,"149":0,"150":1,"151":1,"152":0,"153":0,"154":0,"155":0,"156":0,"157":0,"158":0,"159":0,"160":0,"161":0,"162":1,"163":1,"164":0,"165":0,"166":0,"167":0,"168":0,"169":0,"170":0,"171":1,"172":1,"173":0,"174":0,"175":0,"176":0,"177":0,"178":0,"179":0,"180":0,"181":0,"182":0,"183":0,"184":0,"185":0,"186":0,"187":0,"188":0,"189":1,"190":1,"191":0,"192":0,"193":1,"194":0,"195":0,"196":1,"197":1,"198":0,"199":0,"200":0,"201":1,"202":1,"203":0,"204":0,"205":1,"206":1,"207":0,"208":0,"209":0,"210":0,"211":0,"212":0,"213":0,"214":0,"215":0,"216":0,"217":0,"218":0,"219":0,"220":0,"221":0,"222":1,"223":1,"224":0,"225":0,"226":0,"227":0,"228":0,"229":1,"230":1,"231":0,"232":0,"233":0,"234":0,"235":0,"236":0,"237":0,"238":0,"239":0,"240":0,"241":0,"242":0,"243":0,"244":1,"245":1,"246":0,"247":0,"248":1},"f":{"0":0,"1":0,"2":0,"3":0,"4":0,"5":0,"6":0,"7":0,"8":0,"9":0,"10":0,"11":0,"12":0,"13":0,"14":0,"15":0,"16":0,"17":0,"18":0,"19":0,"20":0,"21":0,"22":0,"23":0,"24":0,"25":0,"26":0,"27":0,"28":0,"29":0,"30":0,"31":0,"32":0,"33":0,"34":0,"35":0,"36":0,"37":0,"38":0,"39":0},"b":{"0":[1,1,1],"1":[0,0],"2":[0,0],"3":[0,0],"4":[0,0],"5":[0,0],"6":[0,0],"7":[0,0],"8":[0,0],"9":[0,0],"10":[0,0],"11":[0,0],"12":[0,0],"13":[0,0],"14":[0,0],"15":[0,0],"16":[0,0],"17":[0,0],"18":[0,0],"19":[0,0],"20":[0,0],"21":[0,0],"22":[0,0],"23":[0,0],"24":[0,0],"25":[0,0],"26":[0,0],"27":[0,0],"28":[0,0],"29":[0,0],"30":[0,0],"31":[0,0],"32":[0,0],"33":[0,0],"34":[0,0],"35":[0,0],"36":[0,0],"37":[0,0],"38":[0,0],"39":[0,0],"40":[0,0],"41":[0,0],"42":[0,0],"43":[0,0],"44":[0,0],"45":[0,0],"46":[0,0],"47":[0,0],"48":[0,0],"49":[0,0],"50":[0,0]},"inputSourceMap":null,"_coverageSchema":"1a1c01bbd47fc00a2c39e90264f33305004495a9","hash":"6e7bd7c0af972bfed824d7ea67101d48b20449ac"}
,"/Users/sabinlungu/Desktop/EtherTix/backend/services/authentication/dist/authentication/src/database/auth-db.js": {"path":"/Users/sabinlungu/Desktop/EtherTix/backend/services/authentication/dist/authentication/src/database/auth-db.js","statementMap":{"0":{"start":{"line":2,"column":16},"end":{"line":10,"column":1}},"1":{"start":{"line":3,"column":28},"end":{"line":3,"column":110}},"2":{"start":{"line":3,"column":91},"end":{"line":3,"column":106}},"3":{"start":{"line":4,"column":4},"end":{"line":9,"column":7}},"4":{"start":{"line":5,"column":36},"end":{"line":5,"column":97}},"5":{"start":{"line":5,"column":42},"end":{"line":5,"column":70}},"6":{"start":{"line":5,"column":85},"end":{"line":5,"column":95}},"7":{"start":{"line":6,"column":35},"end":{"line":6,"column":100}},"8":{"start":{"line":6,"column":41},"end":{"line":6,"column":73}},"9":{"start":{"line":6,"column":88},"end":{"line":6,"column":98}},"10":{"start":{"line":7,"column":32},"end":{"line":7,"column":116}},"11":{"start":{"line":8,"column":8},"end":{"line":8,"column":78}},"12":{"start":{"line":11,"column":22},"end":{"line":13,"column":1}},"13":{"start":{"line":12,"column":4},"end":{"line":12,"column":62}},"14":{"start":{"line":14,"column":0},"end":{"line":14,"column":62}},"15":{"start":{"line":15,"column":19},"end":{"line":15,"column":55}},"16":{"start":{"line":16,"column":17},"end":{"line":16,"column":51}},"17":{"start":{"line":17,"column":0},"end":{"line":17,"column":54}},"18":{"start":{"line":18,"column":28},"end":{"line":34,"column":2}},"19":{"start":{"line":18,"column":41},"end":{"line":34,"column":2}},"20":{"start":{"line":19,"column":4},"end":{"line":33,"column":5}},"21":{"start":{"line":20,"column":8},"end":{"line":27,"column":11}},"22":{"start":{"line":21,"column":12},"end":{"line":26,"column":13}},"23":{"start":{"line":22,"column":16},"end":{"line":22,"column":68}},"24":{"start":{"line":25,"column":16},"end":{"line":25,"column":62}},"25":{"start":{"line":30,"column":8},"end":{"line":32,"column":9}},"26":{"start":{"line":31,"column":12},"end":{"line":31,"column":40}},"27":{"start":{"line":35,"column":0},"end":{"line":35,"column":38}}},"fnMap":{"0":{"name":"(anonymous_0)","decl":{"start":{"line":2,"column":44},"end":{"line":2,"column":45}},"loc":{"start":{"line":2,"column":89},"end":{"line":10,"column":1}},"line":2},"1":{"name":"adopt","decl":{"start":{"line":3,"column":13},"end":{"line":3,"column":18}},"loc":{"start":{"line":3,"column":26},"end":{"line":3,"column":112}},"line":3},"2":{"name":"(anonymous_2)","decl":{"start":{"line":3,"column":70},"end":{"line":3,"column":71}},"loc":{"start":{"line":3,"column":89},"end":{"line":3,"column":108}},"line":3},"3":{"name":"(anonymous_3)","decl":{"start":{"line":4,"column":36},"end":{"line":4,"column":37}},"loc":{"start":{"line":4,"column":63},"end":{"line":9,"column":5}},"line":4},"4":{"name":"fulfilled","decl":{"start":{"line":5,"column":17},"end":{"line":5,"column":26}},"loc":{"start":{"line":5,"column":34},"end":{"line":5,"column":99}},"line":5},"5":{"name":"rejected","decl":{"start":{"line":6,"column":17},"end":{"line":6,"column":25}},"loc":{"start":{"line":6,"column":33},"end":{"line":6,"column":102}},"line":6},"6":{"name":"step","decl":{"start":{"line":7,"column":17},"end":{"line":7,"column":21}},"loc":{"start":{"line":7,"column":30},"end":{"line":7,"column":118}},"line":7},"7":{"name":"(anonymous_7)","decl":{"start":{"line":11,"column":56},"end":{"line":11,"column":57}},"loc":{"start":{"line":11,"column":71},"end":{"line":13,"column":1}},"line":11},"8":{"name":"(anonymous_8)","decl":{"start":{"line":18,"column":28},"end":{"line":18,"column":29}},"loc":{"start":{"line":18,"column":41},"end":{"line":34,"column":2}},"line":18},"9":{"name":"(anonymous_9)","decl":{"start":{"line":18,"column":75},"end":{"line":18,"column":76}},"loc":{"start":{"line":18,"column":88},"end":{"line":34,"column":1}},"line":18},"10":{"name":"(anonymous_10)","decl":{"start":{"line":20,"column":156},"end":{"line":20,"column":157}},"loc":{"start":{"line":20,"column":164},"end":{"line":27,"column":9}},"line":20}},"branchMap":{"0":{"loc":{"start":{"line":2,"column":16},"end":{"line":10,"column":1}},"type":"binary-expr","locations":[{"start":{"line":2,"column":17},"end":{"line":2,"column":21}},{"start":{"line":2,"column":25},"end":{"line":2,"column":39}},{"start":{"line":2,"column":44},"end":{"line":10,"column":1}}],"line":2},"1":{"loc":{"start":{"line":3,"column":35},"end":{"line":3,"column":109}},"type":"cond-expr","locations":[{"start":{"line":3,"column":56},"end":{"line":3,"column":61}},{"start":{"line":3,"column":64},"end":{"line":3,"column":109}}],"line":3},"2":{"loc":{"start":{"line":4,"column":16},"end":{"line":4,"column":34}},"type":"binary-expr","locations":[{"start":{"line":4,"column":16},"end":{"line":4,"column":17}},{"start":{"line":4,"column":22},"end":{"line":4,"column":33}}],"line":4},"3":{"loc":{"start":{"line":7,"column":32},"end":{"line":7,"column":115}},"type":"cond-expr","locations":[{"start":{"line":7,"column":46},"end":{"line":7,"column":67}},{"start":{"line":7,"column":70},"end":{"line":7,"column":115}}],"line":7},"4":{"loc":{"start":{"line":8,"column":51},"end":{"line":8,"column":67}},"type":"binary-expr","locations":[{"start":{"line":8,"column":51},"end":{"line":8,"column":61}},{"start":{"line":8,"column":65},"end":{"line":8,"column":67}}],"line":8},"5":{"loc":{"start":{"line":11,"column":22},"end":{"line":13,"column":1}},"type":"binary-expr","locations":[{"start":{"line":11,"column":23},"end":{"line":11,"column":27}},{"start":{"line":11,"column":31},"end":{"line":11,"column":51}},{"start":{"line":11,"column":56},"end":{"line":13,"column":1}}],"line":11},"6":{"loc":{"start":{"line":12,"column":11},"end":{"line":12,"column":61}},"type":"cond-expr","locations":[{"start":{"line":12,"column":37},"end":{"line":12,"column":40}},{"start":{"line":12,"column":43},"end":{"line":12,"column":61}}],"line":12},"7":{"loc":{"start":{"line":12,"column":12},"end":{"line":12,"column":33}},"type":"binary-expr","locations":[{"start":{"line":12,"column":12},"end":{"line":12,"column":15}},{"start":{"line":12,"column":19},"end":{"line":12,"column":33}}],"line":12},"8":{"loc":{"start":{"line":21,"column":12},"end":{"line":26,"column":13}},"type":"if","locations":[{"start":{"line":21,"column":12},"end":{"line":26,"column":13}},{"start":{"line":24,"column":17},"end":{"line":26,"column":13}}],"line":21},"9":{"loc":{"start":{"line":30,"column":8},"end":{"line":32,"column":9}},"type":"if","locations":[{"start":{"line":30,"column":8},"end":{"line":32,"column":9}},{"start":{},"end":{}}],"line":30}},"s":{"0":1,"1":1,"2":0,"3":1,"4":1,"5":1,"6":0,"7":0,"8":0,"9":0,"10":2,"11":1,"12":1,"13":2,"14":1,"15":1,"16":1,"17":1,"18":1,"19":1,"20":1,"21":1,"22":1,"23":1,"24":0,"25":0,"26":0,"27":1},"f":{"0":1,"1":1,"2":0,"3":1,"4":1,"5":0,"6":2,"7":2,"8":1,"9":1,"10":1},"b":{"0":[1,1,1],"1":[1,0],"2":[1,1],"3":[1,1],"4":[1,1],"5":[1,1,1],"6":[0,2],"7":[2,2],"8":[1,0],"9":[0,0]},"inputSourceMap":null,"_coverageSchema":"1a1c01bbd47fc00a2c39e90264f33305004495a9","hash":"6c021794d08e2f9b96b081c7076a089e9145b38e"}
,"/Users/sabinlungu/Desktop/EtherTix/backend/services/authentication/dist/authentication/src/middleware/auth-middleware.js": {"path":"/Users/sabinlungu/Desktop/EtherTix/backend/services/authentication/dist/authentication/src/middleware/auth-middleware.js","statementMap":{"0":{"start":{"line":2,"column":16},"end":{"line":10,"column":1}},"1":{"start":{"line":3,"column":28},"end":{"line":3,"column":110}},"2":{"start":{"line":3,"column":91},"end":{"line":3,"column":106}},"3":{"start":{"line":4,"column":4},"end":{"line":9,"column":7}},"4":{"start":{"line":5,"column":36},"end":{"line":5,"column":97}},"5":{"start":{"line":5,"column":42},"end":{"line":5,"column":70}},"6":{"start":{"line":5,"column":85},"end":{"line":5,"column":95}},"7":{"start":{"line":6,"column":35},"end":{"line":6,"column":100}},"8":{"start":{"line":6,"column":41},"end":{"line":6,"column":73}},"9":{"start":{"line":6,"column":88},"end":{"line":6,"column":98}},"10":{"start":{"line":7,"column":32},"end":{"line":7,"column":116}},"11":{"start":{"line":8,"column":8},"end":{"line":8,"column":78}},"12":{"start":{"line":11,"column":22},"end":{"line":13,"column":1}},"13":{"start":{"line":12,"column":4},"end":{"line":12,"column":62}},"14":{"start":{"line":14,"column":0},"end":{"line":14,"column":62}},"15":{"start":{"line":15,"column":0},"end":{"line":15,"column":54}},"16":{"start":{"line":16,"column":24},"end":{"line":16,"column":50}},"17":{"start":{"line":17,"column":21},"end":{"line":17,"column":52}},"18":{"start":{"line":18,"column":23},"end":{"line":18,"column":63}},"19":{"start":{"line":19,"column":20},"end":{"line":37,"column":2}},"20":{"start":{"line":19,"column":49},"end":{"line":37,"column":2}},"21":{"start":{"line":21,"column":4},"end":{"line":23,"column":5}},"22":{"start":{"line":22,"column":8},"end":{"line":22,"column":60}},"23":{"start":{"line":24,"column":4},"end":{"line":26,"column":5}},"24":{"start":{"line":25,"column":8},"end":{"line":25,"column":113}},"25":{"start":{"line":27,"column":4},"end":{"line":36,"column":5}},"26":{"start":{"line":28,"column":24},"end":{"line":28,"column":84}},"27":{"start":{"line":29,"column":8},"end":{"line":29,"column":68}},"28":{"start":{"line":30,"column":8},"end":{"line":30,"column":22}},"29":{"start":{"line":33,"column":8},"end":{"line":35,"column":9}},"30":{"start":{"line":34,"column":12},"end":{"line":34,"column":115}},"31":{"start":{"line":38,"column":0},"end":{"line":38,"column":34}},"32":{"start":{"line":39,"column":23},"end":{"line":45,"column":1}},"33":{"start":{"line":40,"column":4},"end":{"line":44,"column":6}},"34":{"start":{"line":42,"column":8},"end":{"line":43,"column":9}},"35":{"start":{"line":46,"column":0},"end":{"line":46,"column":40}}},"fnMap":{"0":{"name":"(anonymous_0)","decl":{"start":{"line":2,"column":44},"end":{"line":2,"column":45}},"loc":{"start":{"line":2,"column":89},"end":{"line":10,"column":1}},"line":2},"1":{"name":"adopt","decl":{"start":{"line":3,"column":13},"end":{"line":3,"column":18}},"loc":{"start":{"line":3,"column":26},"end":{"line":3,"column":112}},"line":3},"2":{"name":"(anonymous_2)","decl":{"start":{"line":3,"column":70},"end":{"line":3,"column":71}},"loc":{"start":{"line":3,"column":89},"end":{"line":3,"column":108}},"line":3},"3":{"name":"(anonymous_3)","decl":{"start":{"line":4,"column":36},"end":{"line":4,"column":37}},"loc":{"start":{"line":4,"column":63},"end":{"line":9,"column":5}},"line":4},"4":{"name":"fulfilled","decl":{"start":{"line":5,"column":17},"end":{"line":5,"column":26}},"loc":{"start":{"line":5,"column":34},"end":{"line":5,"column":99}},"line":5},"5":{"name":"rejected","decl":{"start":{"line":6,"column":17},"end":{"line":6,"column":25}},"loc":{"start":{"line":6,"column":33},"end":{"line":6,"column":102}},"line":6},"6":{"name":"step","decl":{"start":{"line":7,"column":17},"end":{"line":7,"column":21}},"loc":{"start":{"line":7,"column":30},"end":{"line":7,"column":118}},"line":7},"7":{"name":"(anonymous_7)","decl":{"start":{"line":11,"column":56},"end":{"line":11,"column":57}},"loc":{"start":{"line":11,"column":71},"end":{"line":13,"column":1}},"line":11},"8":{"name":"(anonymous_8)","decl":{"start":{"line":19,"column":20},"end":{"line":19,"column":21}},"loc":{"start":{"line":19,"column":49},"end":{"line":37,"column":2}},"line":19},"9":{"name":"(anonymous_9)","decl":{"start":{"line":19,"column":83},"end":{"line":19,"column":84}},"loc":{"start":{"line":19,"column":96},"end":{"line":37,"column":1}},"line":19},"10":{"name":"(anonymous_10)","decl":{"start":{"line":39,"column":23},"end":{"line":39,"column":24}},"loc":{"start":{"line":39,"column":37},"end":{"line":45,"column":1}},"line":39},"11":{"name":"(anonymous_11)","decl":{"start":{"line":40,"column":11},"end":{"line":40,"column":12}},"loc":{"start":{"line":40,"column":40},"end":{"line":44,"column":5}},"line":40}},"branchMap":{"0":{"loc":{"start":{"line":2,"column":16},"end":{"line":10,"column":1}},"type":"binary-expr","locations":[{"start":{"line":2,"column":17},"end":{"line":2,"column":21}},{"start":{"line":2,"column":25},"end":{"line":2,"column":39}},{"start":{"line":2,"column":44},"end":{"line":10,"column":1}}],"line":2},"1":{"loc":{"start":{"line":3,"column":35},"end":{"line":3,"column":109}},"type":"cond-expr","locations":[{"start":{"line":3,"column":56},"end":{"line":3,"column":61}},{"start":{"line":3,"column":64},"end":{"line":3,"column":109}}],"line":3},"2":{"loc":{"start":{"line":4,"column":16},"end":{"line":4,"column":34}},"type":"binary-expr","locations":[{"start":{"line":4,"column":16},"end":{"line":4,"column":17}},{"start":{"line":4,"column":22},"end":{"line":4,"column":33}}],"line":4},"3":{"loc":{"start":{"line":7,"column":32},"end":{"line":7,"column":115}},"type":"cond-expr","locations":[{"start":{"line":7,"column":46},"end":{"line":7,"column":67}},{"start":{"line":7,"column":70},"end":{"line":7,"column":115}}],"line":7},"4":{"loc":{"start":{"line":8,"column":51},"end":{"line":8,"column":67}},"type":"binary-expr","locations":[{"start":{"line":8,"column":51},"end":{"line":8,"column":61}},{"start":{"line":8,"column":65},"end":{"line":8,"column":67}}],"line":8},"5":{"loc":{"start":{"line":11,"column":22},"end":{"line":13,"column":1}},"type":"binary-expr","locations":[{"start":{"line":11,"column":23},"end":{"line":11,"column":27}},{"start":{"line":11,"column":31},"end":{"line":11,"column":51}},{"start":{"line":11,"column":56},"end":{"line":13,"column":1}}],"line":11},"6":{"loc":{"start":{"line":12,"column":11},"end":{"line":12,"column":61}},"type":"cond-expr","locations":[{"start":{"line":12,"column":37},"end":{"line":12,"column":40}},{"start":{"line":12,"column":43},"end":{"line":12,"column":61}}],"line":12},"7":{"loc":{"start":{"line":12,"column":12},"end":{"line":12,"column":33}},"type":"binary-expr","locations":[{"start":{"line":12,"column":12},"end":{"line":12,"column":15}},{"start":{"line":12,"column":19},"end":{"line":12,"column":33}}],"line":12},"8":{"loc":{"start":{"line":21,"column":4},"end":{"line":23,"column":5}},"type":"if","locations":[{"start":{"line":21,"column":4},"end":{"line":23,"column":5}},{"start":{},"end":{}}],"line":21},"9":{"loc":{"start":{"line":21,"column":8},"end":{"line":21,"column":90}},"type":"binary-expr","locations":[{"start":{"line":21,"column":8},"end":{"line":21,"column":37}},{"start":{"line":21,"column":41},"end":{"line":21,"column":90}}],"line":21},"10":{"loc":{"start":{"line":24,"column":4},"end":{"line":26,"column":5}},"type":"if","locations":[{"start":{"line":24,"column":4},"end":{"line":26,"column":5}},{"start":{},"end":{}}],"line":24},"11":{"loc":{"start":{"line":33,"column":8},"end":{"line":35,"column":9}},"type":"if","locations":[{"start":{"line":33,"column":8},"end":{"line":35,"column":9}},{"start":{},"end":{}}],"line":33},"12":{"loc":{"start":{"line":42,"column":8},"end":{"line":43,"column":9}},"type":"if","locations":[{"start":{"line":42,"column":8},"end":{"line":43,"column":9}},{"start":{},"end":{}}],"line":42}},"s":{"0":1,"1":0,"2":0,"3":0,"4":0,"5":0,"6":0,"7":0,"8":0,"9":0,"10":0,"11":0,"12":1,"13":1,"14":1,"15":1,"16":1,"17":1,"18":1,"19":1,"20":0,"21":0,"22":0,"23":0,"24":0,"25":0,"26":0,"27":0,"28":0,"29":0,"30":0,"31":1,"32":1,"33":0,"34":0,"35":1},"f":{"0":0,"1":0,"2":0,"3":0,"4":0,"5":0,"6":0,"7":1,"8":0,"9":0,"10":0,"11":0},"b":{"0":[1,1,1],"1":[0,0],"2":[0,0],"3":[0,0],"4":[0,0],"5":[1,1,1],"6":[0,1],"7":[1,1],"8":[0,0],"9":[0,0],"10":[0,0],"11":[0,0],"12":[0,0]},"inputSourceMap":null,"_coverageSchema":"1a1c01bbd47fc00a2c39e90264f33305004495a9","hash":"892df8525da2931c7cddb42031f4c0dcc225ff63"}
,"/Users/sabinlungu/Desktop/EtherTix/backend/services/authentication/dist/authentication/src/middleware/error-handler.js": {"path":"/Users/sabinlungu/Desktop/EtherTix/backend/services/authentication/dist/authentication/src/middleware/error-handler.js","statementMap":{"0":{"start":{"line":2,"column":0},"end":{"line":2,"column":62}},"1":{"start":{"line":3,"column":0},"end":{"line":3,"column":389}},"2":{"start":{"line":4,"column":28},"end":{"line":4,"column":56}},"3":{"start":{"line":7,"column":8},"end":{"line":7,"column":23}},"4":{"start":{"line":10,"column":8},"end":{"line":10,"column":91}},"5":{"start":{"line":13,"column":0},"end":{"line":13,"column":34}},"6":{"start":{"line":14,"column":21},"end":{"line":19,"column":1}},"7":{"start":{"line":15,"column":4},"end":{"line":17,"column":5}},"8":{"start":{"line":16,"column":8},"end":{"line":16,"column":96}},"9":{"start":{"line":18,"column":4},"end":{"line":18,"column":18}},"10":{"start":{"line":20,"column":0},"end":{"line":20,"column":36}},"11":{"start":{"line":23,"column":8},"end":{"line":23,"column":23}},"12":{"start":{"line":24,"column":8},"end":{"line":24,"column":70}},"13":{"start":{"line":25,"column":8},"end":{"line":25,"column":43}},"14":{"start":{"line":26,"column":8},"end":{"line":26,"column":37}},"15":{"start":{"line":29,"column":0},"end":{"line":29,"column":42}},"16":{"start":{"line":32,"column":8},"end":{"line":32,"column":23}},"17":{"start":{"line":33,"column":8},"end":{"line":33,"column":70}},"18":{"start":{"line":34,"column":8},"end":{"line":34,"column":57}},"19":{"start":{"line":35,"column":8},"end":{"line":35,"column":37}},"20":{"start":{"line":38,"column":0},"end":{"line":38,"column":38}},"21":{"start":{"line":41,"column":8},"end":{"line":41,"column":23}},"22":{"start":{"line":42,"column":8},"end":{"line":42,"column":70}},"23":{"start":{"line":43,"column":8},"end":{"line":43,"column":73}},"24":{"start":{"line":44,"column":8},"end":{"line":44,"column":37}},"25":{"start":{"line":47,"column":0},"end":{"line":47,"column":38}},"26":{"start":{"line":50,"column":8},"end":{"line":50,"column":23}},"27":{"start":{"line":51,"column":8},"end":{"line":51,"column":70}},"28":{"start":{"line":52,"column":8},"end":{"line":52,"column":90}},"29":{"start":{"line":53,"column":8},"end":{"line":53,"column":37}},"30":{"start":{"line":56,"column":0},"end":{"line":56,"column":46}},"31":{"start":{"line":59,"column":8},"end":{"line":59,"column":23}},"32":{"start":{"line":60,"column":8},"end":{"line":60,"column":80}},"33":{"start":{"line":61,"column":8},"end":{"line":61,"column":57}},"34":{"start":{"line":62,"column":8},"end":{"line":62,"column":37}},"35":{"start":{"line":65,"column":0},"end":{"line":65,"column":34}},"36":{"start":{"line":68,"column":8},"end":{"line":68,"column":23}},"37":{"start":{"line":69,"column":8},"end":{"line":69,"column":71}},"38":{"start":{"line":70,"column":8},"end":{"line":70,"column":37}},"39":{"start":{"line":73,"column":0},"end":{"line":73,"column":46}},"40":{"start":{"line":76,"column":0},"end":{"line":76,"column":48}},"41":{"start":{"line":79,"column":8},"end":{"line":79,"column":23}},"42":{"start":{"line":80,"column":8},"end":{"line":80,"column":71}},"43":{"start":{"line":81,"column":8},"end":{"line":81,"column":37}},"44":{"start":{"line":84,"column":0},"end":{"line":84,"column":52}},"45":{"start":{"line":87,"column":8},"end":{"line":87,"column":23}},"46":{"start":{"line":88,"column":8},"end":{"line":88,"column":70}},"47":{"start":{"line":89,"column":8},"end":{"line":89,"column":37}},"48":{"start":{"line":92,"column":0},"end":{"line":92,"column":54}},"49":{"start":{"line":95,"column":8},"end":{"line":95,"column":23}},"50":{"start":{"line":96,"column":8},"end":{"line":96,"column":70}},"51":{"start":{"line":97,"column":8},"end":{"line":97,"column":37}},"52":{"start":{"line":100,"column":0},"end":{"line":100,"column":52}},"53":{"start":{"line":103,"column":0},"end":{"line":103,"column":50}},"54":{"start":{"line":106,"column":0},"end":{"line":106,"column":54}}},"fnMap":{"0":{"name":"(anonymous_0)","decl":{"start":{"line":6,"column":4},"end":{"line":6,"column":5}},"loc":{"start":{"line":6,"column":25},"end":{"line":8,"column":5}},"line":6},"1":{"name":"(anonymous_1)","decl":{"start":{"line":9,"column":4},"end":{"line":9,"column":5}},"loc":{"start":{"line":9,"column":20},"end":{"line":11,"column":5}},"line":9},"2":{"name":"(anonymous_2)","decl":{"start":{"line":14,"column":21},"end":{"line":14,"column":22}},"loc":{"start":{"line":14,"column":55},"end":{"line":19,"column":1}},"line":14},"3":{"name":"(anonymous_3)","decl":{"start":{"line":22,"column":4},"end":{"line":22,"column":5}},"loc":{"start":{"line":22,"column":37},"end":{"line":27,"column":5}},"line":22},"4":{"name":"(anonymous_4)","decl":{"start":{"line":31,"column":4},"end":{"line":31,"column":5}},"loc":{"start":{"line":31,"column":37},"end":{"line":36,"column":5}},"line":31},"5":{"name":"(anonymous_5)","decl":{"start":{"line":40,"column":4},"end":{"line":40,"column":5}},"loc":{"start":{"line":40,"column":37},"end":{"line":45,"column":5}},"line":40},"6":{"name":"(anonymous_6)","decl":{"start":{"line":49,"column":4},"end":{"line":49,"column":5}},"loc":{"start":{"line":49,"column":37},"end":{"line":54,"column":5}},"line":49},"7":{"name":"(anonymous_7)","decl":{"start":{"line":58,"column":4},"end":{"line":58,"column":5}},"loc":{"start":{"line":58,"column":37},"end":{"line":63,"column":5}},"line":58},"8":{"name":"(anonymous_8)","decl":{"start":{"line":67,"column":4},"end":{"line":67,"column":5}},"loc":{"start":{"line":67,"column":37},"end":{"line":71,"column":5}},"line":67},"9":{"name":"(anonymous_9)","decl":{"start":{"line":78,"column":4},"end":{"line":78,"column":5}},"loc":{"start":{"line":78,"column":37},"end":{"line":82,"column":5}},"line":78},"10":{"name":"(anonymous_10)","decl":{"start":{"line":86,"column":4},"end":{"line":86,"column":5}},"loc":{"start":{"line":86,"column":37},"end":{"line":90,"column":5}},"line":86},"11":{"name":"(anonymous_11)","decl":{"start":{"line":94,"column":4},"end":{"line":94,"column":5}},"loc":{"start":{"line":94,"column":37},"end":{"line":98,"column":5}},"line":94}},"branchMap":{"0":{"loc":{"start":{"line":15,"column":4},"end":{"line":17,"column":5}},"type":"if","locations":[{"start":{"line":15,"column":4},"end":{"line":17,"column":5}},{"start":{},"end":{}}],"line":15}},"s":{"0":1,"1":1,"2":1,"3":0,"4":0,"5":1,"6":1,"7":0,"8":0,"9":0,"10":1,"11":0,"12":0,"13":0,"14":0,"15":1,"16":0,"17":0,"18":0,"19":0,"20":1,"21":0,"22":0,"23":0,"24":0,"25":1,"26":0,"27":0,"28":0,"29":0,"30":1,"31":0,"32":0,"33":0,"34":0,"35":1,"36":0,"37":0,"38":0,"39":1,"40":1,"41":0,"42":0,"43":0,"44":1,"45":0,"46":0,"47":0,"48":1,"49":0,"50":0,"51":0,"52":1,"53":1,"54":1},"f":{"0":0,"1":0,"2":0,"3":0,"4":0,"5":0,"6":0,"7":0,"8":0,"9":0,"10":0,"11":0},"b":{"0":[0,0]},"inputSourceMap":null,"_coverageSchema":"1a1c01bbd47fc00a2c39e90264f33305004495a9","hash":"2dcae54045f6d48c0ea69b8bc64811a6e130b860"}
,"/Users/sabinlungu/Desktop/EtherTix/backend/services/authentication/dist/authentication/src/models/email-verification-model.js": {"path":"/Users/sabinlungu/Desktop/EtherTix/backend/services/authentication/dist/authentication/src/models/email-verification-model.js","statementMap":{"0":{"start":{"line":2,"column":16},"end":{"line":10,"column":1}},"1":{"start":{"line":3,"column":28},"end":{"line":3,"column":110}},"2":{"start":{"line":3,"column":91},"end":{"line":3,"column":106}},"3":{"start":{"line":4,"column":4},"end":{"line":9,"column":7}},"4":{"start":{"line":5,"column":36},"end":{"line":5,"column":97}},"5":{"start":{"line":5,"column":42},"end":{"line":5,"column":70}},"6":{"start":{"line":5,"column":85},"end":{"line":5,"column":95}},"7":{"start":{"line":6,"column":35},"end":{"line":6,"column":100}},"8":{"start":{"line":6,"column":41},"end":{"line":6,"column":73}},"9":{"start":{"line":6,"column":88},"end":{"line":6,"column":98}},"10":{"start":{"line":7,"column":32},"end":{"line":7,"column":116}},"11":{"start":{"line":8,"column":8},"end":{"line":8,"column":78}},"12":{"start":{"line":11,"column":22},"end":{"line":13,"column":1}},"13":{"start":{"line":12,"column":4},"end":{"line":12,"column":62}},"14":{"start":{"line":14,"column":0},"end":{"line":14,"column":62}},"15":{"start":{"line":15,"column":0},"end":{"line":15,"column":35}},"16":{"start":{"line":16,"column":19},"end":{"line":16,"column":55}},"17":{"start":{"line":17,"column":19},"end":{"line":17,"column":55}},"18":{"start":{"line":19,"column":32},"end":{"line":38,"column":2}},"19":{"start":{"line":39,"column":0},"end":{"line":48,"column":3}},"20":{"start":{"line":40,"column":4},"end":{"line":47,"column":7}},"21":{"start":{"line":41,"column":8},"end":{"line":43,"column":9}},"22":{"start":{"line":42,"column":12},"end":{"line":42,"column":26}},"23":{"start":{"line":45,"column":8},"end":{"line":45,"column":67}},"24":{"start":{"line":46,"column":8},"end":{"line":46,"column":22}},"25":{"start":{"line":49,"column":0},"end":{"line":53,"column":2}},"26":{"start":{"line":50,"column":4},"end":{"line":52,"column":7}},"27":{"start":{"line":51,"column":8},"end":{"line":51,"column":74}},"28":{"start":{"line":54,"column":26},"end":{"line":54,"column":96}},"29":{"start":{"line":55,"column":0},"end":{"line":55,"column":46}}},"fnMap":{"0":{"name":"(anonymous_0)","decl":{"start":{"line":2,"column":44},"end":{"line":2,"column":45}},"loc":{"start":{"line":2,"column":89},"end":{"line":10,"column":1}},"line":2},"1":{"name":"adopt","decl":{"start":{"line":3,"column":13},"end":{"line":3,"column":18}},"loc":{"start":{"line":3,"column":26},"end":{"line":3,"column":112}},"line":3},"2":{"name":"(anonymous_2)","decl":{"start":{"line":3,"column":70},"end":{"line":3,"column":71}},"loc":{"start":{"line":3,"column":89},"end":{"line":3,"column":108}},"line":3},"3":{"name":"(anonymous_3)","decl":{"start":{"line":4,"column":36},"end":{"line":4,"column":37}},"loc":{"start":{"line":4,"column":63},"end":{"line":9,"column":5}},"line":4},"4":{"name":"fulfilled","decl":{"start":{"line":5,"column":17},"end":{"line":5,"column":26}},"loc":{"start":{"line":5,"column":34},"end":{"line":5,"column":99}},"line":5},"5":{"name":"rejected","decl":{"start":{"line":6,"column":17},"end":{"line":6,"column":25}},"loc":{"start":{"line":6,"column":33},"end":{"line":6,"column":102}},"line":6},"6":{"name":"step","decl":{"start":{"line":7,"column":17},"end":{"line":7,"column":21}},"loc":{"start":{"line":7,"column":30},"end":{"line":7,"column":118}},"line":7},"7":{"name":"(anonymous_7)","decl":{"start":{"line":11,"column":56},"end":{"line":11,"column":57}},"loc":{"start":{"line":11,"column":71},"end":{"line":13,"column":1}},"line":11},"8":{"name":"(anonymous_8)","decl":{"start":{"line":39,"column":36},"end":{"line":39,"column":37}},"loc":{"start":{"line":39,"column":52},"end":{"line":48,"column":1}},"line":39},"9":{"name":"(anonymous_9)","decl":{"start":{"line":40,"column":43},"end":{"line":40,"column":44}},"loc":{"start":{"line":40,"column":56},"end":{"line":47,"column":5}},"line":40},"10":{"name":"(anonymous_10)","decl":{"start":{"line":49,"column":60},"end":{"line":49,"column":61}},"loc":{"start":{"line":49,"column":84},"end":{"line":53,"column":1}},"line":49},"11":{"name":"(anonymous_11)","decl":{"start":{"line":50,"column":43},"end":{"line":50,"column":44}},"loc":{"start":{"line":50,"column":56},"end":{"line":52,"column":5}},"line":50}},"branchMap":{"0":{"loc":{"start":{"line":2,"column":16},"end":{"line":10,"column":1}},"type":"binary-expr","locations":[{"start":{"line":2,"column":17},"end":{"line":2,"column":21}},{"start":{"line":2,"column":25},"end":{"line":2,"column":39}},{"start":{"line":2,"column":44},"end":{"line":10,"column":1}}],"line":2},"1":{"loc":{"start":{"line":3,"column":35},"end":{"line":3,"column":109}},"type":"cond-expr","locations":[{"start":{"line":3,"column":56},"end":{"line":3,"column":61}},{"start":{"line":3,"column":64},"end":{"line":3,"column":109}}],"line":3},"2":{"loc":{"start":{"line":4,"column":16},"end":{"line":4,"column":34}},"type":"binary-expr","locations":[{"start":{"line":4,"column":16},"end":{"line":4,"column":17}},{"start":{"line":4,"column":22},"end":{"line":4,"column":33}}],"line":4},"3":{"loc":{"start":{"line":7,"column":32},"end":{"line":7,"column":115}},"type":"cond-expr","locations":[{"start":{"line":7,"column":46},"end":{"line":7,"column":67}},{"start":{"line":7,"column":70},"end":{"line":7,"column":115}}],"line":7},"4":{"loc":{"start":{"line":8,"column":51},"end":{"line":8,"column":67}},"type":"binary-expr","locations":[{"start":{"line":8,"column":51},"end":{"line":8,"column":61}},{"start":{"line":8,"column":65},"end":{"line":8,"column":67}}],"line":8},"5":{"loc":{"start":{"line":11,"column":22},"end":{"line":13,"column":1}},"type":"binary-expr","locations":[{"start":{"line":11,"column":23},"end":{"line":11,"column":27}},{"start":{"line":11,"column":31},"end":{"line":11,"column":51}},{"start":{"line":11,"column":56},"end":{"line":13,"column":1}}],"line":11},"6":{"loc":{"start":{"line":12,"column":11},"end":{"line":12,"column":61}},"type":"cond-expr","locations":[{"start":{"line":12,"column":37},"end":{"line":12,"column":40}},{"start":{"line":12,"column":43},"end":{"line":12,"column":61}}],"line":12},"7":{"loc":{"start":{"line":12,"column":12},"end":{"line":12,"column":33}},"type":"binary-expr","locations":[{"start":{"line":12,"column":12},"end":{"line":12,"column":15}},{"start":{"line":12,"column":19},"end":{"line":12,"column":33}}],"line":12},"8":{"loc":{"start":{"line":41,"column":8},"end":{"line":43,"column":9}},"type":"if","locations":[{"start":{"line":41,"column":8},"end":{"line":43,"column":9}},{"start":{},"end":{}}],"line":41}},"s":{"0":1,"1":0,"2":0,"3":0,"4":0,"5":0,"6":0,"7":0,"8":0,"9":0,"10":0,"11":0,"12":1,"13":2,"14":1,"15":1,"16":1,"17":1,"18":1,"19":1,"20":0,"21":0,"22":0,"23":0,"24":0,"25":1,"26":0,"27":0,"28":1,"29":1},"f":{"0":0,"1":0,"2":0,"3":0,"4":0,"5":0,"6":0,"7":2,"8":0,"9":0,"10":0,"11":0},"b":{"0":[1,1,1],"1":[0,0],"2":[0,0],"3":[0,0],"4":[0,0],"5":[1,1,1],"6":[0,2],"7":[2,2],"8":[0,0]},"inputSourceMap":null,"_coverageSchema":"1a1c01bbd47fc00a2c39e90264f33305004495a9","hash":"cc284dccda9a1d29b07afcef064ef864af383a13"}
[...]
rt":{"line":4,"column":22},"end":{"line":4,"column":33}}],"line":4},"3":{"loc":{"start":{"line":7,"column":32},"end":{"line":7,"column":115}},"type":"cond-expr","locations":[{"start":{"line":7,"column":46},"end":{"line":7,"column":67}},{"start":{"line":7,"column":70},"end":{"line":7,"column":115}}],"line":7},"4":{"loc":{"start":{"line":8,"column":51},"end":{"line":8,"column":67}},"type":"binary-expr","locations":[{"start":{"line":8,"column":51},"end":{"line":8,"column":61}},{"start":{"line":8,"column":65},"end":{"line":8,"column":67}}],"line":8},"5":{"loc":{"start":{"line":11,"column":22},"end":{"line":13,"column":1}},"type":"binary-expr","locations":[{"start":{"line":11,"column":23},"end":{"line":11,"column":27}},{"start":{"line":11,"column":31},"end":{"line":11,"column":51}},{"start":{"line":11,"column":56},"end":{"line":13,"column":1}}],"line":11},"6":{"loc":{"start":{"line":12,"column":11},"end":{"line":12,"column":61}},"type":"cond-expr","locations":[{"start":{"line":12,"column":37},"end":{"line":12,"column":40}},{"start":{"line":12,"column":43},"end":{"line":12,"column":61}}],"line":12},"7":{"loc":{"start":{"line":12,"column":12},"end":{"line":12,"column":33}},"type":"binary-expr","locations":[{"start":{"line":12,"column":12},"end":{"line":12,"column":15}},{"start":{"line":12,"column":19},"end":{"line":12,"column":33}}],"line":12},"8":{"loc":{"start":{"line":41,"column":8},"end":{"line":43,"column":9}},"type":"if","locations":[{"start":{"line":41,"column":8},"end":{"line":43,"column":9}},{"start":{},"end":{}}],"line":41}},"s":{"0":1,"1":0,"2":0,"3":0,"4":0,"5":0,"6":0,"7":0,"8":0,"9":0,"10":0,"11":0,"12":1,"13":2,"14":1,"15":1,"16":1,"17":1,"18":1,"19":1,"20":0,"21":0,"22":0,"23":0,"24":0,"25":1,"26":0,"27":0,"28":1,"29":1},"f":{"0":0,"1":0,"2":0,"3":0,"4":0,"5":0,"6":0,"7":2,"8":0,"9":0,"10":0,"11":0},"b":{"0":[1,1,1],"1":[0,0],"2":[0,0],"3":[0,0],"4":[0,0],"5":[1,1,1],"6":[0,2],"7":[2,2],"8":[0,0]},"inputSourceMap":null,"_coverageSchema":"1a1c01bbd47fc00a2c39e90264f33305004495a9","hash":"2f8873af0e15e248e909e6bf918bdf0be1218a5a"}
,"/Users/sabinlungu/Desktop/EtherTix/backend/services/authentication/dist/authentication/src/models/user-model.js": {"path":"/Users/sabinlungu/Desktop/EtherTix/backend/services/authentication/dist/authentication/src/models/user-model.js","statementMap":{"0":{"start":{"line":2,"column":16},"end":{"line":10,"column":1}},"1":{"start":{"line":3,"column":28},"end":{"line":3,"column":110}},"2":{"start":{"line":3,"column":91},"end":{"line":3,"column":106}},"3":{"start":{"line":4,"column":4},"end":{"line":9,"column":7}},"4":{"start":{"line":5,"column":36},"end":{"line":5,"column":97}},"5":{"start":{"line":5,"column":42},"end":{"line":5,"column":70}},"6":{"start":{"line":5,"column":85},"end":{"line":5,"column":95}},"7":{"start":{"line":6,"column":35},"end":{"line":6,"column":100}},"8":{"start":{"line":6,"column":41},"end":{"line":6,"column":73}},"9":{"start":{"line":6,"column":88},"end":{"line":6,"column":98}},"10":{"start":{"line":7,"column":32},"end":{"line":7,"column":116}},"11":{"start":{"line":8,"column":8},"end":{"line":8,"column":78}},"12":{"start":{"line":11,"column":22},"end":{"line":13,"column":1}},"13":{"start":{"line":12,"column":4},"end":{"line":12,"column":62}},"14":{"start":{"line":14,"column":0},"end":{"line":14,"column":62}},"15":{"start":{"line":15,"column":0},"end":{"line":15,"column":22}},"16":{"start":{"line":16,"column":19},"end":{"line":16,"column":55}},"17":{"start":{"line":17,"column":23},"end":{"line":17,"column":63}},"18":{"start":{"line":18,"column":19},"end":{"line":18,"column":55}},"19":{"start":{"line":19,"column":17},"end":{"line":19,"column":51}},"20":{"start":{"line":20,"column":0},"end":{"line":20,"column":54}},"21":{"start":{"line":22,"column":19},"end":{"line":95,"column":52}},"22":{"start":{"line":97,"column":0},"end":{"line":107,"column":3}},"23":{"start":{"line":98,"column":4},"end":{"line":106,"column":7}},"24":{"start":{"line":99,"column":21},"end":{"line":99,"column":23}},"25":{"start":{"line":100,"column":8},"end":{"line":102,"column":9}},"26":{"start":{"line":101,"column":12},"end":{"line":101,"column":26}},"27":{"start":{"line":103,"column":8},"end":{"line":103,"column":77}},"28":{"start":{"line":104,"column":8},"end":{"line":104,"column":91}},"29":{"start":{"line":105,"column":8},"end":{"line":105,"column":22}},"30":{"start":{"line":108,"column":0},"end":{"line":113,"column":2}},"31":{"start":{"line":109,"column":4},"end":{"line":112,"column":7}},"32":{"start":{"line":110,"column":31},"end":{"line":110,"column":44}},"33":{"start":{"line":111,"column":8},"end":{"line":111,"column":74}},"34":{"start":{"line":115,"column":0},"end":{"line":117,"column":2}},"35":{"start":{"line":116,"column":4},"end":{"line":116,"column":123}},"36":{"start":{"line":118,"column":13},"end":{"line":118,"column":57}},"37":{"start":{"line":119,"column":0},"end":{"line":119,"column":20}}},"fnMap":{"0":{"name":"(anonymous_0)","decl":{"start":{"line":2,"column":44},"end":{"line":2,"column":45}},"loc":{"start":{"line":2,"column":89},"end":{"line":10,"column":1}},"line":2},"1":{"name":"adopt","decl":{"start":{"line":3,"column":13},"end":{"line":3,"column":18}},"loc":{"start":{"line":3,"column":26},"end":{"line":3,"column":112}},"line":3},"2":{"name":"(anonymous_2)","decl":{"start":{"line":3,"column":70},"end":{"line":3,"column":71}},"loc":{"start":{"line":3,"column":89},"end":{"line":3,"column":108}},"line":3},"3":{"name":"(anonymous_3)","decl":{"start":{"line":4,"column":36},"end":{"line":4,"column":37}},"loc":{"start":{"line":4,"column":63},"end":{"line":9,"column":5}},"line":4},"4":{"name":"fulfilled","decl":{"start":{"line":5,"column":17},"end":{"line":5,"column":26}},"loc":{"start":{"line":5,"column":34},"end":{"line":5,"column":99}},"line":5},"5":{"name":"rejected","decl":{"start":{"line":6,"column":17},"end":{"line":6,"column":25}},"loc":{"start":{"line":6,"column":33},"end":{"line":6,"column":102}},"line":6},"6":{"name":"step","decl":{"start":{"line":7,"column":17},"end":{"line":7,"column":21}},"loc":{"start":{"line":7,"column":30},"end":{"line":7,"column":118}},"line":7},"7":{"name":"(anonymous_7)","decl":{"start":{"line":11,"column":56},"end":{"line":11,"column":57}},"loc":{"start":{"line":11,"column":71},"end":{"line":13,"column":1}},"line":11},"8":{"name":"(anonymous_8)","decl":{"start":{"line":97,"column":23},"end":{"line":97,"column":24}},"loc":{"start":{"line":97,"column":39},"end":{"line":107,"column":1}},"line":97},"9":{"name":"(anonymous_9)","decl":{"start":{"line":98,"column":43},"end":{"line":98,"column":44}},"loc":{"start":{"line":98,"column":56},"end":{"line":106,"column":5}},"line":98},"10":{"name":"(anonymous_10)","decl":{"start":{"line":108,"column":38},"end":{"line":108,"column":39}},"loc":{"start":{"line":108,"column":58},"end":{"line":113,"column":1}},"line":108},"11":{"name":"(anonymous_11)","decl":{"start":{"line":109,"column":43},"end":{"line":109,"column":44}},"loc":{"start":{"line":109,"column":56},"end":{"line":112,"column":5}},"line":109},"12":{"name":"(anonymous_12)","decl":{"start":{"line":115,"column":44},"end":{"line":115,"column":45}},"loc":{"start":{"line":115,"column":56},"end":{"line":117,"column":1}},"line":115}},"branchMap":{"0":{"loc":{"start":{"line":2,"column":16},"end":{"line":10,"column":1}},"type":"binary-expr","locations":[{"start":{"line":2,"column":17},"end":{"line":2,"column":21}},{"start":{"line":2,"column":25},"end":{"line":2,"column":39}},{"start":{"line":2,"column":44},"end":{"line":10,"column":1}}],"line":2},"1":{"loc":{"start":{"line":3,"column":35},"end":{"line":3,"column":109}},"type":"cond-expr","locations":[{"start":{"line":3,"column":56},"end":{"line":3,"column":61}},{"start":{"line":3,"column":64},"end":{"line":3,"column":109}}],"line":3},"2":{"loc":{"start":{"line":4,"column":16},"end":{"line":4,"column":34}},"type":"binary-expr","locations":[{"start":{"line":4,"column":16},"end":{"line":4,"column":17}},{"start":{"line":4,"column":22},"end":{"line":4,"column":33}}],"line":4},"3":{"loc":{"start":{"line":7,"column":32},"end":{"line":7,"column":115}},"type":"cond-expr","locations":[{"start":{"line":7,"column":46},"end":{"line":7,"column":67}},{"start":{"line":7,"column":70},"end":{"line":7,"column":115}}],"line":7},"4":{"loc":{"start":{"line":8,"column":51},"end":{"line":8,"column":67}},"type":"binary-expr","locations":[{"start":{"line":8,"column":51},"end":{"line":8,"column":61}},{"start":{"line":8,"column":65},"end":{"line":8,"column":67}}],"line":8},"5":{"loc":{"start":{"line":11,"column":22},"end":{"line":13,"column":1}},"type":"binary-expr","locations":[{"start":{"line":11,"column":23},"end":{"line":11,"column":27}},{"start":{"line":11,"column":31},"end":{"line":11,"column":51}},{"start":{"line":11,"column":56},"end":{"line":13,"column":1}}],"line":11},"6":{"loc":{"start":{"line":12,"column":11},"end":{"line":12,"column":61}},"type":"cond-expr","locations":[{"start":{"line":12,"column":37},"end":{"line":12,"column":40}},{"start":{"line":12,"column":43},"end":{"line":12,"column":61}}],"line":12},"7":{"loc":{"start":{"line":12,"column":12},"end":{"line":12,"column":33}},"type":"binary-expr","locations":[{"start":{"line":12,"column":12},"end":{"line":12,"column":15}},{"start":{"line":12,"column":19},"end":{"line":12,"column":33}}],"line":12},"8":{"loc":{"start":{"line":100,"column":8},"end":{"line":102,"column":9}},"type":"if","locations":[{"start":{"line":100,"column":8},"end":{"line":102,"column":9}},{"start":{},"end":{}}],"line":100}},"s":{"0":1,"1":0,"2":0,"3":0,"4":0,"5":0,"6":0,"7":0,"8":0,"9":0,"10":0,"11":0,"12":1,"13":4,"14":1,"15":1,"16":1,"17":1,"18":1,"19":1,"20":1,"21":1,"22":1,"23":0,"24":0,"25":0,"26":0,"27":0,"28":0,"29":0,"30":1,"31":0,"32":0,"33":0,"34":1,"35":0,"36":1,"37":1},"f":{"0":0,"1":0,"2":0,"3":0,"4":0,"5":0,"6":0,"7":4,"8":0,"9":0,"10":0,"11":0,"12":0},"b":{"0":[1,1,1],"1":[0,0],"2":[0,0],"3":[0,0],"4":[0,0],"5":[1,1,1],"6":[0,4],"7":[4,4],"8":[0,0]},"inputSourceMap":null,"_coverageSchema":"1a1c01bbd47fc00a2c39e90264f33305004495a9","hash":"57a09521ec38ab051223358ebc2d07518bacd43d"}
,"/Users/sabinlungu/Desktop/EtherTix/backend/services/authentication/dist/authentication/src/routes/auth-routes.js": {"path":"/Users/sabinlungu/Desktop/EtherTix/backend/services/authentication/dist/authentication/src/routes/auth-routes.js","statementMap":{"0":{"start":{"line":2,"column":22},"end":{"line":4,"column":1}},"1":{"start":{"line":3,"column":4},"end":{"line":3,"column":62}},"2":{"start":{"line":5,"column":0},"end":{"line":5,"column":62}},"3":{"start":{"line":6,"column":26},"end":{"line":6,"column":69}},"4":{"start":{"line":7,"column":18},"end":{"line":7,"column":53}},"5":{"start":{"line":8,"column":26},"end":{"line":8,"column":67}},"6":{"start":{"line":9,"column":26},"end":{"line":9,"column":66}},"7":{"start":{"line":10,"column":29},"end":{"line":10,"column":75}},"8":{"start":{"line":11,"column":19},"end":{"line":11,"column":45}},"9":{"start":{"line":12,"column":20},"end":{"line":17,"column":2}},"10":{"start":{"line":18,"column":0},"end":{"line":18,"column":80}},"11":{"start":{"line":19,"column":0},"end":{"line":19,"column":90}},"12":{"start":{"line":20,"column":0},"end":{"line":20,"column":74}},"13":{"start":{"line":21,"column":0},"end":{"line":21,"column":92}},"14":{"start":{"line":22,"column":0},"end":{"line":22,"column":106}},"15":{"start":{"line":23,"column":0},"end":{"line":23,"column":89}},"16":{"start":{"line":24,"column":0},"end":{"line":24,"column":87}},"17":{"start":{"line":25,"column":0},"end":{"line":25,"column":93}},"18":{"start":{"line":26,"column":0},"end":{"line":26,"column":90}},"19":{"start":{"line":27,"column":0},"end":{"line":27,"column":29}}},"fnMap":{"0":{"name":"(anonymous_0)","decl":{"start":{"line":2,"column":56},"end":{"line":2,"column":57}},"loc":{"start":{"line":2,"column":71},"end":{"line":4,"column":1}},"line":2}},"branchMap":{"0":{"loc":{"start":{"line":2,"column":22},"end":{"line":4,"column":1}},"type":"binary-expr","locations":[{"start":{"line":2,"column":23},"end":{"line":2,"column":27}},{"start":{"line":2,"column":31},"end":{"line":2,"column":51}},{"start":{"line":2,"column":56},"end":{"line":4,"column":1}}],"line":2},"1":{"loc":{"start":{"line":3,"column":11},"end":{"line":3,"column":61}},"type":"cond-expr","locations":[{"start":{"line":3,"column":37},"end":{"line":3,"column":40}},{"start":{"line":3,"column":43},"end":{"line":3,"column":61}}],"line":3},"2":{"loc":{"start":{"line":3,"column":12},"end":{"line":3,"column":33}},"type":"binary-expr","locations":[{"start":{"line":3,"column":12},"end":{"line":3,"column":15}},{"start":{"line":3,"column":19},"end":{"line":3,"column":33}}],"line":3}},"s":{"0":1,"1":2,"2":1,"3":1,"4":1,"5":1,"6":1,"7":1,"8":1,"9":1,"10":1,"11":1,"12":1,"13":1,"14":1,"15":1,"16":1,"17":1,"18":1,"19":1},"f":{"0":2},"b":{"0":[1,1,1],"1":[0,2],"2":[2,2]},"inputSourceMap":null,"_coverageSchema":"1a1c01bbd47fc00a2c39e90264f33305004495a9","hash":"23968d3b325405e9536cc58d7bb73d15e1363b23"}
,"/Users/sabinlungu/Desktop/EtherTix/backend/services/authentication/dist/authentication/src/utils/generate-mfa.js": {"path":"/Users/sabinlungu/Desktop/EtherTix/backend/services/authentication/dist/authentication/src/utils/generate-mfa.js","statementMap":{"0":{"start":{"line":2,"column":0},"end":{"line":2,"column":62}},"1":{"start":{"line":3,"column":0},"end":{"line":3,"column":34}},"2":{"start":{"line":4,"column":25},"end":{"line":12,"column":1}},"3":{"start":{"line":5,"column":14},"end":{"line":5,"column":16}},"4":{"start":{"line":6,"column":24},"end":{"line":6,"column":25}},"5":{"start":{"line":7,"column":4},"end":{"line":10,"column":5}},"6":{"start":{"line":7,"column":17},"end":{"line":7,"column":18}},"7":{"start":{"line":8,"column":26},"end":{"line":8,"column":67}},"8":{"start":{"line":9,"column":8},"end":{"line":9,"column":25}},"9":{"start":{"line":11,"column":4},"end":{"line":11,"column":15}},"10":{"start":{"line":13,"column":0},"end":{"line":13,"column":44}}},"fnMap":{"0":{"name":"(anonymous_0)","decl":{"start":{"line":4,"column":25},"end":{"line":4,"column":26}},"loc":{"start":{"line":4,"column":45},"end":{"line":12,"column":1}},"line":4}},"branchMap":{"0":{"loc":{"start":{"line":4,"column":26},"end":{"line":4,"column":40}},"type":"default-arg","locations":[{"start":{"line":4,"column":39},"end":{"line":4,"column":40}}],"line":4}},"s":{"0":1,"1":1,"2":1,"3":0,"4":0,"5":0,"6":0,"7":0,"8":0,"9":0,"10":1},"f":{"0":0},"b":{"0":[0]},"inputSourceMap":null,"_coverageSchema":"1a1c01bbd47fc00a2c39e90264f33305004495a9","hash":"7e669d0eda83ae55eefdc68717b31a2483d873c7"}
,"/Users/sabinlungu/Desktop/EtherTix/backend/services/authentication/dist/authentication/src/utils/generate-otp.js": {"path":"/Users/sabinlungu/Desktop/EtherTix/backend/services/authentication/dist/authentication/src/utils/generate-otp.js","statementMap":{"0":{"start":{"line":2,"column":0},"end":{"line":2,"column":62}},"1":{"start":{"line":3,"column":0},"end":{"line":3,"column":46}},"2":{"start":{"line":4,"column":37},"end":{"line":12,"column":1}},"3":{"start":{"line":5,"column":14},"end":{"line":5,"column":16}},"4":{"start":{"line":6,"column":24},"end":{"line":6,"column":25}},"5":{"start":{"line":7,"column":4},"end":{"line":10,"column":5}},"6":{"start":{"line":7,"column":17},"end":{"line":7,"column":18}},"7":{"start":{"line":8,"column":26},"end":{"line":8,"column":67}},"8":{"start":{"line":9,"column":8},"end":{"line":9,"column":25}},"9":{"start":{"line":11,"column":4},"end":{"line":11,"column":15}},"10":{"start":{"line":13,"column":0},"end":{"line":13,"column":68}}},"fnMap":{"0":{"name":"(anonymous_0)","decl":{"start":{"line":4,"column":37},"end":{"line":4,"column":38}},"loc":{"start":{"line":4,"column":57},"end":{"line":12,"column":1}},"line":4}},"branchMap":{"0":{"loc":{"start":{"line":4,"column":38},"end":{"line":4,"column":52}},"type":"default-arg","locations":[{"start":{"line":4,"column":51},"end":{"line":4,"column":52}}],"line":4}},"s":{"0":1,"1":1,"2":1,"3":0,"4":0,"5":0,"6":0,"7":0,"8":0,"9":0,"10":1},"f":{"0":0},"b":{"0":[0]},"inputSourceMap":null,"_coverageSchema":"1a1c01bbd47fc00a2c39e90264f33305004495a9","hash":"91f6ce06df260c348138cd043c19c9de79ddc1f1"}
,"/Users/sabinlungu/Desktop/EtherTix/backend/services/authentication/dist/authentication/src/utils/generateResetPasswordToken.js": {"path":"/Users/sabinlungu/Desktop/EtherTix/backend/services/authentication/dist/authentication/src/utils/generateResetPasswordToken.js","statementMap":{"0":{"start":{"line":2,"column":0},"end":{"line":2,"column":62}},"1":{"start":{"line":3,"column":0},"end":{"line":3,"column":50}},"2":{"start":{"line":4,"column":41},"end":{"line":12,"column":1}},"3":{"start":{"line":5,"column":21},"end":{"line":5,"column":23}},"4":{"start":{"line":6,"column":24},"end":{"line":6,"column":25}},"5":{"start":{"line":7,"column":4},"end":{"line":10,"column":5}},"6":{"start":{"line":7,"column":17},"end":{"line":7,"column":18}},"7":{"start":{"line":8,"column":28},"end":{"line":8,"column":69}},"8":{"start":{"line":9,"column":8},"end":{"line":9,"column":34}},"9":{"start":{"line":11,"column":4},"end":{"line":11,"column":22}},"10":{"start":{"line":13,"column":0},"end":{"line":13,"column":76}}},"fnMap":{"0":{"name":"(anonymous_0)","decl":{"start":{"line":4,"column":41},"end":{"line":4,"column":42}},"loc":{"start":{"line":4,"column":63},"end":{"line":12,"column":1}},"line":4}},"branchMap":{"0":{"loc":{"start":{"line":4,"column":42},"end":{"line":4,"column":58}},"type":"default-arg","locations":[{"start":{"line":4,"column":57},"end":{"line":4,"column":58}}],"line":4}},"s":{"0":1,"1":1,"2":1,"3":0,"4":0,"5":0,"6":0,"7":0,"8":0,"9":0,"10":1},"f":{"0":0},"b":{"0":[0]},"inputSourceMap":null,"_coverageSchema":"1a1c01bbd47fc00a2c39e90264f33305004495a9","hash":"812bac18e418f51cabacacee0d9cabff83b03593"}
,"/Users/sabinlungu/Desktop/EtherTix/backend/services/authentication/dist/authentication/src/utils/send-email.js": {"path":"/Users/sabinlungu/Desktop/EtherTix/backend/services/authentication/dist/authentication/src/utils/send-email.js","statementMap":{"0":{"start":{"line":2,"column":22},"end":{"line":4,"column":1}},"1":{"start":{"line":3,"column":4},"end":{"line":3,"column":62}},"2":{"start":{"line":5,"column":0},"end":{"line":5,"column":62}},"3":{"start":{"line":6,"column":0},"end":{"line":6,"column":34}},"4":{"start":{"line":7,"column":21},"end":{"line":7,"column":59}},"5":{"start":{"line":8,"column":25},"end":{"line":17,"column":1}},"6":{"start":{"line":9,"column":4},"end":{"line":16,"column":7}},"7":{"start":{"line":18,"column":0},"end":{"line":18,"column":44}}},"fnMap":{"0":{"name":"(anonymous_0)","decl":{"start":{"line":2,"column":56},"end":{"line":2,"column":57}},"loc":{"start":{"line":2,"column":71},"end":{"line":4,"column":1}},"line":2},"1":{"name":"(anonymous_1)","decl":{"start":{"line":8,"column":25},"end":{"line":8,"column":26}},"loc":{"start":{"line":8,"column":31},"end":{"line":17,"column":1}},"line":8}},"branchMap":{"0":{"loc":{"start":{"line":2,"column":22},"end":{"line":4,"column":1}},"type":"binary-expr","locations":[{"start":{"line":2,"column":23},"end":{"line":2,"column":27}},{"start":{"line":2,"column":31},"end":{"line":2,"column":51}},{"start":{"line":2,"column":56},"end":{"line":4,"column":1}}],"line":2},"1":{"loc":{"start":{"line":3,"column":11},"end":{"line":3,"column":61}},"type":"cond-expr","locations":[{"start":{"line":3,"column":37},"end":{"line":3,"column":40}},{"start":{"line":3,"column":43},"end":{"line":3,"column":61}}],"line":3},"2":{"loc":{"start":{"line":3,"column":12},"end":{"line":3,"column":33}},"type":"binary-expr","locations":[{"start":{"line":3,"column":12},"end":{"line":3,"column":15}},{"start":{"line":3,"column":19},"end":{"line":3,"column":33}}],"line":3}},"s":{"0":1,"1":1,"2":1,"3":1,"4":1,"5":1,"6":0,"7":1},"f":{"0":1,"1":0},"b":{"0":[1,1,1],"1":[0,1],"2":[1,1]},"inputSourceMap":null,"_coverageSchema":"1a1c01bbd47fc00a2c39e90264f33305004495a9","hash":"2dd89fef2e3367a5850911869c1d55614d9fdac5"}
}
