TN:
SF:dist/authentication/src/app.js
FN:2,(anonymous_0)
FN:39,(anonymous_1)
FNF:2
FNH:1
FNDA:10,(anonymous_0)
FNDA:0,(anonymous_1)
DA:2,1
DA:3,10
DA:5,1
DA:6,1
DA:7,1
DA:8,1
DA:9,1
DA:10,1
DA:11,1
DA:12,1
DA:13,1
DA:14,1
DA:15,1
DA:16,1
DA:17,1
DA:18,1
DA:19,1
DA:20,1
DA:21,1
DA:22,1
DA:23,0
DA:25,1
DA:26,0
DA:28,1
DA:29,1
DA:30,1
DA:31,1
DA:32,1
DA:33,1
DA:37,1
DA:38,1
DA:39,1
DA:40,0
LF:33
LH:30
BRDA:2,0,0,1
BRDA:2,0,1,1
BRDA:2,0,2,1
BRDA:3,1,0,2
BRDA:3,1,1,8
BRDA:3,2,0,10
BRDA:3,2,1,10
BRDA:22,3,0,0
BRDA:22,3,1,1
BRDA:25,4,0,0
BRDA:25,4,1,1
BRF:11
BRH:9
end_of_record
TN:
SF:dist/authentication/src/index.js
FN:2,(anonymous_0)
FN:3,adopt
FN:3,(anonymous_2)
FN:4,(anonymous_3)
FN:5,fulfilled
FN:6,rejected
FN:7,step
FN:16,(anonymous_7)
FN:16,(anonymous_8)
FN:17,(anonymous_9)
FNF:10
FNH:5
FNDA:2,(anonymous_0)
FNDA:0,adopt
FNDA:0,(anonymous_2)
FNDA:2,(anonymous_3)
FNDA:0,fulfilled
FNDA:0,rejected
FNDA:2,step
FNDA:2,(anonymous_7)
FNDA:2,(anonymous_8)
FNDA:0,(anonymous_9)
DA:2,1
DA:3,0
DA:4,2
DA:5,0
DA:6,0
DA:7,2
DA:8,2
DA:11,1
DA:12,1
DA:13,1
DA:14,1
DA:16,2
DA:17,2
DA:18,0
DA:21,1
DA:22,1
LF:16
LH:12
BRDA:2,0,0,1
BRDA:2,0,1,1
BRDA:2,0,2,1
BRDA:3,1,0,0
BRDA:3,1,1,0
BRDA:4,2,0,2
BRDA:4,2,1,2
BRDA:7,3,0,2
BRDA:7,3,1,0
BRDA:8,4,0,2
BRDA:8,4,1,2
BRDA:14,5,0,1
BRDA:14,5,1,0
BRF:13
BRH:9
end_of_record
TN:
SF:dist/authentication/src/controllers/auth-controller.js
FN:2,(anonymous_0)
FN:3,adopt
FN:3,(anonymous_2)
FN:4,(anonymous_3)
FN:5,fulfilled
FN:6,rejected
FN:7,step
FN:25,(anonymous_7)
FN:37,(anonymous_8)
FN:37,(anonymous_9)
FN:74,(anonymous_10)
FN:79,(anonymous_11)
FN:79,(anonymous_12)
FN:133,(anonymous_13)
FN:133,(anonymous_14)
FN:148,(anonymous_15)
FN:148,(anonymous_16)
FN:191,(anonymous_17)
FN:191,(anonymous_18)
FN:221,(anonymous_19)
FN:221,(anonymous_20)
FN:239,(anonymous_21)
FN:239,(anonymous_22)
FN:253,(anonymous_23)
FN:253,(anonymous_24)
FN:275,(anonymous_25)
FN:287,(anonymous_26)
FN:287,(anonymous_27)
FN:291,(anonymous_28)
FN:291,(anonymous_29)
FN:296,(anonymous_30)
FN:296,(anonymous_31)
FN:300,(anonymous_32)
FN:300,(anonymous_33)
FN:320,(anonymous_34)
FN:320,(anonymous_35)
FN:328,(anonymous_36)
FN:328,(anonymous_37)
FN:348,(anonymous_38)
FN:348,(anonymous_39)
FNF:40
FNH:0
FNDA:0,(anonymous_0)
FNDA:0,adopt
FNDA:0,(anonymous_2)
FNDA:0,(anonymous_3)
FNDA:0,fulfilled
FNDA:0,rejected
FNDA:0,step
FNDA:0,(anonymous_7)
FNDA:0,(anonymous_8)
FNDA:0,(anonymous_9)
FNDA:0,(anonymous_10)
FNDA:0,(anonymous_11)
FNDA:0,(anonymous_12)
FNDA:0,(anonymous_13)
FNDA:0,(anonymous_14)
FNDA:0,(anonymous_15)
FNDA:0,(anonymous_16)
FNDA:0,(anonymous_17)
FNDA:0,(anonymous_18)
FNDA:0,(anonymous_19)
FNDA:0,(anonymous_20)
FNDA:0,(anonymous_21)
FNDA:0,(anonymous_22)
FNDA:0,(anonymous_23)
FNDA:0,(anonymous_24)
FNDA:0,(anonymous_25)
FNDA:0,(anonymous_26)
FNDA:0,(anonymous_27)
FNDA:0,(anonymous_28)
FNDA:0,(anonymous_29)
FNDA:0,(anonymous_30)
FNDA:0,(anonymous_31)
FNDA:0,(anonymous_32)
FNDA:0,(anonymous_33)
FNDA:0,(anonymous_34)
FNDA:0,(anonymous_35)
FNDA:0,(anonymous_36)
FNDA:0,(anonymous_37)
FNDA:0,(anonymous_38)
FNDA:0,(anonymous_39)
DA:2,1
DA:3,0
DA:4,0
DA:5,0
DA:6,0
DA:7,0
DA:8,0
DA:11,1
DA:12,1
DA:13,1
DA:14,1
DA:15,1
DA:16,1
DA:17,1
DA:18,1
DA:19,1
DA:20,1
DA:21,1
DA:22,1
DA:23,1
DA:24,1
DA:25,1
DA:26,0
DA:37,1
DA:38,0
DA:39,0
DA:40,0
DA:41,0
DA:43,0
DA:44,0
DA:46,0
DA:47,0
DA:48,0
DA:50,0
DA:51,0
DA:52,0
DA:53,0
DA:55,0
DA:56,0
DA:57,0
DA:58,0
DA:59,0
DA:61,0
DA:62,0
DA:63,0
DA:64,0
DA:65,0
DA:68,0
DA:69,0
DA:73,1
DA:74,1
DA:75,0
DA:76,0
DA:77,0
DA:79,1
DA:80,0
DA:81,0
DA:82,0
DA:84,0
DA:85,0
DA:88,0
DA:89,0
DA:91,0
DA:92,0
DA:94,0
DA:95,0
DA:97,0
DA:98,0
DA:100,0
DA:101,0
DA:102,0
DA:104,0
DA:105,0
DA:106,0
DA:108,0
DA:109,0
DA:110,0
DA:111,0
DA:113,0
DA:122,0
DA:123,0
DA:124,0
DA:127,0
DA:128,0
DA:132,1
DA:133,1
DA:134,0
DA:135,0
DA:136,0
DA:137,0
DA:139,0
DA:142,0
DA:143,0
DA:147,1
DA:148,1
DA:149,0
DA:150,0
DA:151,0
DA:153,0
DA:154,0
DA:155,0
DA:157,0
DA:158,0
DA:160,0
DA:161,0
DA:164,0
DA:165,0
DA:166,0
DA:169,0
DA:170,0
DA:172,0
DA:173,0
DA:176,0
DA:177,0
DA:187,0
DA:188,0
DA:190,1
DA:191,1
DA:192,0
DA:193,0
DA:194,0
DA:195,0
DA:197,0
DA:198,0
DA:199,0
DA:201,0
DA:202,0
DA:203,0
DA:206,0
DA:207,0
DA:208,0
DA:209,0
DA:210,0
DA:212,0
DA:213,0
DA:214,0
DA:215,0
DA:216,0
DA:217,0
DA:218,0
DA:220,1
DA:221,1
DA:222,0
DA:223,0
DA:224,0
DA:225,0
DA:227,0
DA:228,0
DA:230,0
DA:233,0
DA:234,0
DA:238,1
DA:239,1
DA:240,0
DA:241,0
DA:242,0
DA:244,0
DA:247,0
DA:248,0
DA:252,1
DA:253,1
DA:254,0
DA:255,0
DA:256,0
DA:257,0
DA:259,0
DA:261,0
DA:262,0
DA:264,0
DA:265,0
DA:266,0
DA:268,0
DA:269,0
DA:270,0
DA:271,0
DA:272,0
DA:274,1
DA:275,1
DA:276,0
DA:277,0
DA:287,1
DA:288,0
DA:290,1
DA:291,1
DA:292,0
DA:293,0
DA:295,1
DA:296,1
DA:297,0
DA:299,1
DA:300,1
DA:301,0
DA:302,0
DA:303,0
DA:304,0
DA:306,0
DA:307,0
DA:308,0
DA:309,0
DA:311,0
DA:312,0
DA:313,0
DA:315,0
DA:316,0
DA:317,0
DA:319,1
DA:320,1
DA:321,0
DA:323,0
DA:324,0
DA:325,0
DA:327,1
DA:328,1
DA:329,0
DA:330,0
DA:332,0
DA:333,0
DA:335,0
DA:336,0
DA:337,0
DA:339,0
DA:340,0
DA:341,0
DA:342,0
DA:344,0
DA:347,1
DA:348,1
DA:349,0
DA:351,1
LF:229
LH:48
BRDA:2,0,0,1
BRDA:2,0,1,1
BRDA:2,0,2,1
BRDA:3,1,0,0
BRDA:3,1,1,0
BRDA:4,2,0,0
BRDA:4,2,1,0
BRDA:7,3,0,0
BRDA:7,3,1,0
BRDA:8,4,0,0
BRDA:8,4,1,0
BRDA:40,5,0,0
BRDA:40,5,1,0
BRDA:43,6,0,0
BRDA:43,6,1,0
BRDA:47,7,0,0
BRDA:47,7,1,0
BRDA:52,8,0,0
BRDA:52,8,1,0
BRDA:68,9,0,0
BRDA:68,9,1,0
BRDA:84,10,0,0
BRDA:84,10,1,0
BRDA:88,11,0,0
BRDA:88,11,1,0
BRDA:91,12,0,0
BRDA:91,12,1,0
BRDA:94,13,0,0
BRDA:94,13,1,0
BRDA:97,14,0,0
BRDA:97,14,1,0
BRDA:101,15,0,0
BRDA:101,15,1,0
BRDA:105,16,0,0
BRDA:105,16,1,0
BRDA:123,17,0,0
BRDA:123,17,1,0
BRDA:127,18,0,0
BRDA:127,18,1,0
BRDA:136,19,0,0
BRDA:136,19,1,0
BRDA:142,20,0,0
BRDA:142,20,1,0
BRDA:150,21,0,0
BRDA:150,21,1,0
BRDA:150,22,0,0
BRDA:150,22,1,0
BRDA:154,23,0,0
BRDA:154,23,1,0
BRDA:157,24,0,0
BRDA:157,24,1,0
BRDA:160,25,0,0
BRDA:160,25,1,0
BRDA:165,26,0,0
BRDA:165,26,1,0
BRDA:172,27,0,0
BRDA:172,27,1,0
BRDA:194,28,0,0
BRDA:194,28,1,0
BRDA:197,29,0,0
BRDA:197,29,1,0
BRDA:202,30,0,0
BRDA:202,30,1,0
BRDA:207,31,0,0
BRDA:207,31,1,0
BRDA:217,32,0,0
BRDA:217,32,1,0
BRDA:224,33,0,0
BRDA:224,33,1,0
BRDA:227,34,0,0
BRDA:227,34,1,0
BRDA:233,35,0,0
BRDA:233,35,1,0
BRDA:241,36,0,0
BRDA:241,36,1,0
BRDA:247,37,0,0
BRDA:247,37,1,0
BRDA:256,38,0,0
BRDA:256,38,1,0
BRDA:261,39,0,0
BRDA:261,39,1,0
BRDA:265,40,0,0
BRDA:265,40,1,0
BRDA:303,41,0,0
BRDA:303,41,1,0
BRDA:308,42,0,0
BRDA:308,42,1,0
BRDA:312,43,0,0
BRDA:312,43,1,0
BRDA:332,44,0,0
BRDA:332,44,1,0
BRDA:335,45,0,0
BRDA:335,45,1,0
BRDA:335,46,0,0
BRDA:335,46,1,0
BRDA:336,47,0,0
BRDA:336,47,1,0
BRDA:336,48,0,0
BRDA:336,48,1,0
BRDA:339,49,0,0
BRDA:339,49,1,0
BRDA:339,50,0,0
BRDA:339,50,1,0
BRF:103
BRH:3
end_of_record
TN:
SF:dist/authentication/src/database/auth-db.js
FN:2,(anonymous_0)
FN:3,adopt
FN:3,(anonymous_2)
FN:4,(anonymous_3)
FN:5,fulfilled
FN:6,rejected
FN:7,step
FN:11,(anonymous_7)
FN:18,(anonymous_8)
FN:18,(anonymous_9)
FN:20,(anonymous_10)
FNF:11
FNH:9
FNDA:1,(anonymous_0)
FNDA:1,adopt
FNDA:0,(anonymous_2)
FNDA:1,(anonymous_3)
FNDA:1,fulfilled
FNDA:0,rejected
FNDA:2,step
FNDA:2,(anonymous_7)
FNDA:1,(anonymous_8)
FNDA:1,(anonymous_9)
FNDA:1,(anonymous_10)
DA:2,1
DA:3,1
DA:4,1
DA:5,1
DA:6,0
DA:7,2
DA:8,1
DA:11,1
DA:12,2
DA:14,1
DA:15,1
DA:16,1
DA:17,1
DA:18,1
DA:19,1
DA:20,1
DA:21,1
DA:22,1
DA:25,0
DA:30,0
DA:31,0
DA:35,1
LF:22
LH:18
BRDA:2,0,0,1
BRDA:2,0,1,1
BRDA:2,0,2,1
BRDA:3,1,0,1
BRDA:3,1,1,0
BRDA:4,2,0,1
BRDA:4,2,1,1
BRDA:7,3,0,1
BRDA:7,3,1,1
BRDA:8,4,0,1
BRDA:8,4,1,1
BRDA:11,5,0,1
BRDA:11,5,1,1
BRDA:11,5,2,1
BRDA:12,6,0,0
BRDA:12,6,1,2
BRDA:12,7,0,2
BRDA:12,7,1,2
BRDA:21,8,0,1
BRDA:21,8,1,0
BRDA:30,9,0,0
BRDA:30,9,1,0
BRF:22
BRH:17
end_of_record
TN:
SF:dist/authentication/src/middleware/auth-middleware.js
FN:2,(anonymous_0)
FN:3,adopt
FN:3,(anonymous_2)
FN:4,(anonymous_3)
FN:5,fulfilled
FN:6,rejected
FN:7,step
FN:11,(anonymous_7)
FN:19,(anonymous_8)
FN:19,(anonymous_9)
FN:39,(anonymous_10)
FN:40,(anonymous_11)
FNF:12
FNH:1
FNDA:0,(anonymous_0)
FNDA:0,adopt
FNDA:0,(anonymous_2)
FNDA:0,(anonymous_3)
FNDA:0,fulfilled
FNDA:0,rejected
FNDA:0,step
FNDA:1,(anonymous_7)
FNDA:0,(anonymous_8)
FNDA:0,(anonymous_9)
FNDA:0,(anonymous_10)
FNDA:0,(anonymous_11)
DA:2,1
DA:3,0
DA:4,0
DA:5,0
DA:6,0
DA:7,0
DA:8,0
DA:11,1
DA:12,1
DA:14,1
DA:15,1
DA:16,1
DA:17,1
DA:18,1
DA:19,1
DA:21,0
DA:22,0
DA:24,0
DA:25,0
DA:27,0
DA:28,0
DA:29,0
DA:30,0
DA:33,0
DA:34,0
DA:38,1
DA:39,1
DA:40,0
DA:42,0
DA:46,1
LF:30
LH:12
BRDA:2,0,0,1
BRDA:2,0,1,1
BRDA:2,0,2,1
BRDA:3,1,0,0
BRDA:3,1,1,0
BRDA:4,2,0,0
BRDA:4,2,1,0
BRDA:7,3,0,0
BRDA:7,3,1,0
BRDA:8,4,0,0
BRDA:8,4,1,0
BRDA:11,5,0,1
BRDA:11,5,1,1
BRDA:11,5,2,1
BRDA:12,6,0,0
BRDA:12,6,1,1
BRDA:12,7,0,1
BRDA:12,7,1,1
BRDA:21,8,0,0
BRDA:21,8,1,0
BRDA:21,9,0,0
BRDA:21,9,1,0
BRDA:24,10,0,0
BRDA:24,10,1,0
BRDA:33,11,0,0
BRDA:33,11,1,0
BRDA:42,12,0,0
BRDA:42,12,1,0
BRF:28
BRH:9
end_of_record
TN:
SF:dist/authentication/src/middleware/error-handler.js
FN:6,(anonymous_0)
FN:9,(anonymous_1)
FN:14,(anonymous_2)
FN:22,(anonymous_3)
FN:31,(anonymous_4)
FN:40,(anonymous_5)
FN:49,(anonymous_6)
FN:58,(anonymous_7)
FN:67,(anonymous_8)
FN:78,(anonymous_9)
FN:86,(anonymous_10)
FN:94,(anonymous_11)
FNF:12
FNH:0
FNDA:0,(anonymous_0)
FNDA:0,(anonymous_1)
FNDA:0,(anonymous_2)
FNDA:0,(anonymous_3)
FNDA:0,(anonymous_4)
FNDA:0,(anonymous_5)
FNDA:0,(anonymous_6)
FNDA:0,(anonymous_7)
FNDA:0,(anonymous_8)
FNDA:0,(anonymous_9)
FNDA:0,(anonymous_10)
FNDA:0,(anonymous_11)
DA:2,1
DA:3,1
DA:4,1
DA:7,0
DA:10,0
DA:13,1
DA:14,1
DA:15,0
DA:16,0
DA:18,0
DA:20,1
DA:23,0
DA:24,0
DA:25,0
DA:26,0
DA:29,1
DA:32,0
DA:33,0
DA:34,0
DA:35,0
DA:38,1
DA:41,0
DA:42,0
DA:43,0
DA:44,0
DA:47,1
DA:50,0
DA:51,0
DA:52,0
DA:53,0
DA:56,1
DA:59,0
DA:60,0
DA:61,0
DA:62,0
DA:65,1
DA:68,0
DA:69,0
DA:70,0
DA:73,1
DA:76,1
DA:79,0
DA:80,0
DA:81,0
DA:84,1
DA:87,0
DA:88,0
DA:89,0
DA:92,1
DA:95,0
DA:96,0
DA:97,0
DA:100,1
DA:103,1
DA:106,1
LF:55
LH:18
BRDA:15,0,0,0
BRDA:15,0,1,0
BRF:2
BRH:0
end_of_record
TN:
SF:dist/authentication/src/models/email-verification-model.js
FN:2,(anonymous_0)
FN:3,adopt
FN:3,(anonymous_2)
FN:4,(anonymous_3)
FN:5,fulfilled
FN:6,rejected
FN:7,step
FN:11,(anonymous_7)
FN:39,(anonymous_8)
FN:40,(anonymous_9)
FN:49,(anonymous_10)
FN:50,(anonymous_11)
FNF:12
FNH:1
FNDA:0,(anonymous_0)
FNDA:0,adopt
FNDA:0,(anonymous_2)
FNDA:0,(anonymous_3)
FNDA:0,fulfilled
FNDA:0,rejected
FNDA:0,step
FNDA:2,(anonymous_7)
FNDA:0,(anonymous_8)
FNDA:0,(anonymous_9)
FNDA:0,(anonymous_10)
FNDA:0,(anonymous_11)
DA:2,1
DA:3,0
DA:4,0
DA:5,0
DA:6,0
DA:7,0
DA:8,0
DA:11,1
DA:12,2
DA:14,1
DA:15,1
DA:16,1
DA:17,1
DA:19,1
DA:39,1
DA:40,0
DA:41,0
DA:42,0
DA:45,0
DA:46,0
DA:49,1
DA:50,0
DA:51,0
DA:54,1
DA:55,1
LF:25
LH:12
BRDA:2,0,0,1
BRDA:2,0,1,1
BRDA:2,0,2,1
BRDA:3,1,0,0
BRDA:3,1,1,0
BRDA:4,2,0,0
BRDA:4,2,1,0
BRDA:7,3,0,0
BRDA:7,3,1,0
BRDA:8,4,0,0
BRDA:8,4,1,0
BRDA:11,5,0,1
BRDA:11,5,1,1
BRDA:11,5,2,1
BRDA:12,6,0,0
BRDA:12,6,1,2
BRDA:12,7,0,2
BRDA:12,7,1,2
BRDA:41,8,0,0
BRDA:41,8,1,0
BRF:20
BRH:9
end_of_record
TN:
SF:dist/authentication/src/models/password-reset-model.js
FN:2,(anonymous_0)
FN:3,adopt
FN:3,(anonymous_2)
FN:4,(anonymous_3)
FN:5,fulfilled
FN:6,rejected
FN:7,step
FN:11,(anonymous_7)
FN:38,(anonymous_8)
FN:39,(anonymous_9)
FN:48,(anonymous_10)
FN:49,(anonymous_11)
FNF:12
FNH:1
FNDA:0,(anonymous_0)
FNDA:0,adopt
FNDA:0,(anonymous_2)
FNDA:0,(anonymous_3)
FNDA:0,fulfilled
FNDA:0,rejected
FNDA:0,step
FNDA:2,(anonymous_7)
FNDA:0,(anonymous_8)
FNDA:0,(anonymous_9)
FNDA:0,(anonymous_10)
FNDA:0,(anonymous_11)
DA:2,1
DA:3,0
DA:4,0
DA:5,0
DA:6,0
DA:7,0
DA:8,0
DA:11,1
DA:12,2
DA:14,1
DA:15,1
DA:16,1
DA:17,1
DA:19,1
DA:38,1
DA:39,0
DA:40,0
DA:41,0
DA:42,0
DA:44,0
DA:45,0
DA:48,1
DA:49,0
DA:50,0
DA:53,1
DA:54,1
LF:26
LH:12
BRDA:2,0,0,1
BRDA:2,0,1,1
BRDA:2,0,2,1
BRDA:3,1,0,0
BRDA:3,1,1,0
BRDA:4,2,0,0
BRDA:4,2,1,0
BRDA:7,3,0,0
BRDA:7,3,1,0
BRDA:8,4,0,0
BRDA:8,4,1,0
BRDA:11,5,0,1
BRDA:11,5,1,1
BRDA:11,5,2,1
BRDA:12,6,0,0
BRDA:12,6,1,2
BRDA:12,7,0,2
BRDA:12,7,1,2
BRDA:41,8,0,0
BRDA:41,8,1,0
BRF:20
BRH:9
end_of_record
TN:
SF:dist/authentication/src/models/two-factor-model.js
FN:2,(anonymous_0)
FN:3,adopt
FN:3,(anonymous_2)
FN:4,(anonymous_3)
FN:5,fulfilled
FN:6,rejected
FN:7,step
FN:11,(anonymous_7)
FN:39,(anonymous_8)
FN:40,(anonymous_9)
FN:49,(anonymous_10)
FN:50,(anonymous_11)
FNF:12
FNH:1
FNDA:0,(anonymous_0)
FNDA:0,adopt
FNDA:0,(anonymous_2)
FNDA:0,(anonymous_3)
FNDA:0,fulfilled
FNDA:0,rejected
FNDA:0,step
FNDA:2,(anonymous_7)
FNDA:0,(anonymous_8)
FNDA:0,(anonymous_9)
FNDA:0,(anonymous_10)
FNDA:0,(anonymous_11)
DA:2,1
DA:3,0
DA:4,0
DA:5,0
DA:6,0
DA:7,0
DA:8,0
DA:11,1
DA:12,2
DA:14,1
DA:15,1
DA:16,1
DA:17,1
DA:19,1
DA:39,1
DA:40,0
DA:41,0
DA:42,0
DA:45,0
DA:46,0
DA:49,1
DA:50,0
DA:51,0
DA:54,1
DA:55,1
LF:25
LH:12
BRDA:2,0,0,1
BRDA:2,0,1,1
BRDA:2,0,2,1
BRDA:3,1,0,0
BRDA:3,1,1,0
BRDA:4,2,0,0
BRDA:4,2,1,0
BRDA:7,3,0,0
BRDA:7,3,1,0
BRDA:8,4,0,0
BRDA:8,4,1,0
BRDA:11,5,0,1
BRDA:11,5,1,1
BRDA:11,5,2,1
BRDA:12,6,0,0
BRDA:12,6,1,2
BRDA:12,7,0,2
BRDA:12,7,1,2
BRDA:41,8,0,0
BRDA:41,8,1,0
BRF:20
BRH:9
end_of_record
TN:
SF:dist/authentication/src/models/user-model.js
FN:2,(anonymous_0)
FN:3,adopt
FN:3,(anonymous_2)
FN:4,(anonymous_3)
FN:5,fulfilled
FN:6,rejected
FN:7,step
FN:11,(anonymous_7)
FN:97,(anonymous_8)
FN:98,(anonymous_9)
FN:108,(anonymous_10)
FN:109,(anonymous_11)
FN:115,(anonymous_12)
FNF:13
FNH:1
FNDA:0,(anonymous_0)
FNDA:0,adopt
FNDA:0,(anonymous_2)
FNDA:0,(anonymous_3)
FNDA:0,fulfilled
FNDA:0,rejected
FNDA:0,step
FNDA:4,(anonymous_7)
FNDA:0,(anonymous_8)
FNDA:0,(anonymous_9)
FNDA:0,(anonymous_10)
FNDA:0,(anonymous_11)
FNDA:0,(anonymous_12)
DA:2,1
DA:3,0
DA:4,0
DA:5,0
DA:6,0
DA:7,0
DA:8,0
DA:11,1
DA:12,4
DA:14,1
DA:15,1
DA:16,1
DA:17,1
DA:18,1
DA:19,1
DA:20,1
DA:22,1
DA:97,1
DA:98,0
DA:99,0
DA:100,0
DA:101,0
DA:103,0
DA:104,0
DA:105,0
DA:108,1
DA:109,0
DA:110,0
DA:111,0
DA:115,1
DA:116,0
DA:118,1
DA:119,1
LF:33
LH:16
BRDA:2,0,0,1
BRDA:2,0,1,1
BRDA:2,0,2,1
BRDA:3,1,0,0
BRDA:3,1,1,0
BRDA:4,2,0,0
BRDA:4,2,1,0
BRDA:7,3,0,0
BRDA:7,3,1,0
BRDA:8,4,0,0
BRDA:8,4,1,0
BRDA:11,5,0,1
BRDA:11,5,1,1
BRDA:11,5,2,1
BRDA:12,6,0,0
BRDA:12,6,1,4
BRDA:12,7,0,4
BRDA:12,7,1,4
BRDA:100,8,0,0
BRDA:100,8,1,0
BRF:20
BRH:9
end_of_record
TN:
SF:dist/authentication/src/routes/auth-routes.js
FN:2,(anonymous_0)
FNF:1
FNH:1
FNDA:2,(anonymous_0)
DA:2,1
DA:3,2
DA:5,1
DA:6,1
DA:7,1
DA:8,1
DA:9,1
DA:10,1
DA:11,1
DA:12,1
DA:18,1
DA:19,1
DA:20,1
DA:21,1
DA:22,1
DA:23,1
DA:24,1
DA:25,1
DA:26,1
DA:27,1
LF:20
LH:20
BRDA:2,0,0,1
BRDA:2,0,1,1
BRDA:2,0,2,1
BRDA:3,1,0,0
BRDA:3,1,1,2
BRDA:3,2,0,2
BRDA:3,2,1,2
BRF:7
BRH:6
end_of_record
TN:
SF:dist/authentication/src/utils/generate-mfa.js
FN:4,(anonymous_0)
FNF:1
FNH:0
FNDA:0,(anonymous_0)
DA:2,1
DA:3,1
DA:4,1
DA:5,0
DA:6,0
DA:7,0
DA:8,0
DA:9,0
DA:11,0
DA:13,1
LF:10
LH:4
BRDA:4,0,0,0
BRF:1
BRH:0
end_of_record
TN:
SF:dist/authentication/src/utils/generate-otp.js
FN:4,(anonymous_0)
FNF:1
FNH:0
FNDA:0,(anonymous_0)
DA:2,1
DA:3,1
DA:4,1
DA:5,0
DA:6,0
DA:7,0
DA:8,0
DA:9,0
DA:11,0
DA:13,1
LF:10
LH:4
BRDA:4,0,0,0
BRF:1
BRH:0
end_of_record
TN:
SF:dist/authentication/src/utils/generateResetPasswordToken.js
FN:4,(anonymous_0)
FNF:1
FNH:0
FNDA:0,(anonymous_0)
DA:2,1
DA:3,1
DA:4,1
DA:5,0
DA:6,0
DA:7,0
DA:8,0
DA:9,0
DA:11,0
DA:13,1
LF:10
LH:4
BRDA:4,0,0,0
BRF:1
BRH:0
end_of_record
TN:
SF:dist/authentication/src/utils/send-email.js
FN:2,(anonymous_0)
FN:8,(anonymous_1)
FNF:2
FNH:1
FNDA:1,(anonymous_0)
FNDA:0,(anonymous_1)
DA:2,1
DA:3,1
DA:5,1
DA:6,1
DA:7,1
DA:8,1
DA:9,0
DA:18,1
LF:8
LH:7
BRDA:2,0,0,1
BRDA:2,0,1,1
BRDA:2,0,2,1
BRDA:3,1,0,0
BRDA:3,1,1,1
BRDA:3,2,0,1
BRDA:3,2,1,1
BRF:7
BRH:6
end_of_record
